#
# There is insufficient memory for the Java Runtime Environment to continue.
# Native memory allocation (malloc) failed to allocate 549296 bytes for Chunk::new
# Possible reasons:
#   The system is out of physical RAM or swap space
#   The process is running with CompressedOops enabled, and the Java Heap may be blocking the growth of the native heap
# Possible solutions:
#   Reduce memory load on the system
#   Increase physical memory or swap space
#   Check if swap backing store is full
#   Decrease Java heap size (-Xmx/-Xms)
#   Decrease number of Java threads
#   Decrease Java thread stack sizes (-Xss)
#   Set larger code cache with -XX:ReservedCodeCacheSize=
#   JVM is running with Unscaled Compressed Oops mode in which the Java heap is
#     placed in the first 4GB address space. The Java Heap base address is the
#     maximum limit for the native heap growth. Please use -XX:HeapBaseMinAddress
#     to set the Java Heap base and to place the Java Heap above 4GB virtual address.
# This output file may be truncated or incomplete.
#
#  Out of Memory Error (./src/hotspot/share/memory/arena.cpp:197), pid=9052, tid=37960
#
# JRE version: OpenJDK Runtime Environment Microsoft-7208460 (11.0.18+10) (build 11.0.18+10-LTS)
# Java VM: OpenJDK 64-Bit Server VM Microsoft-7208460 (11.0.18+10-LTS, mixed mode, tiered, compressed oops, g1 gc, windows-amd64)
# No core dump will be written. Minidumps are not enabled by default on client versions of Windows
#

---------------  S U M M A R Y ------------

Command Line: -XX:MaxMetaspaceSize=512m --add-opens=java.base/java.util=ALL-UNNAMED --add-opens=java.base/java.lang=ALL-UNNAMED --add-opens=java.base/java.lang.invoke=ALL-UNNAMED --add-opens=java.base/java.util=ALL-UNNAMED --add-opens=java.prefs/java.util.prefs=ALL-UNNAMED --add-opens=java.prefs/java.util.prefs=ALL-UNNAMED --add-opens=java.base/java.nio.charset=ALL-UNNAMED --add-opens=java.base/java.net=ALL-UNNAMED --add-opens=java.base/java.util.concurrent.atomic=ALL-UNNAMED -Xmx2048m -Dfile.encoding=utf8 -Duser.country=US -Duser.language=en -Duser.variant org.gradle.launcher.daemon.bootstrap.GradleDaemon 7.3.3

Host: Intel(R) Core(TM) i3-1005G1 CPU @ 1.20GHz, 4 cores, 3G,  Windows 10 , 64 bit Build 19041 (10.0.19041.2546)
Time: Tue Mar 14 10:53:39 2023 SE Asia Standard Time elapsed time: 239.371185 seconds (0d 0h 3m 59s)

---------------  T H R E A D  ---------------

Current thread (0x000001e9fced9800):  JavaThread "C2 CompilerThread0" daemon [_thread_in_native, id=37960, stack(0x000000358c300000,0x000000358c400000)]


Current CompileTask:
C2: 239372 9767       4       org.objectweb.asm.Type::getType (122 bytes)

Stack: [0x000000358c300000,0x000000358c400000]
Native frames: (J=compiled Java code, j=interpreted, Vv=VM code, C=native code)
V  [jvm.dll+0x62bf8a]
V  [jvm.dll+0x7b8fb9]
V  [jvm.dll+0x7ba6a8]
V  [jvm.dll+0x7bad83]
V  [jvm.dll+0x250248]
V  [jvm.dll+0xc260c]
V  [jvm.dll+0xc2bcc]
V  [jvm.dll+0x35e1c7]
V  [jvm.dll+0x32a373]
V  [jvm.dll+0x3296aa]
V  [jvm.dll+0x2093b3]
V  [jvm.dll+0x20850d]
V  [jvm.dll+0x18a4b1]
V  [jvm.dll+0x217eec]
V  [jvm.dll+0x21612b]
V  [jvm.dll+0x77bac0]
V  [jvm.dll+0x7749f4]
V  [jvm.dll+0x62adf5]
C  [ucrtbase.dll+0x21bb2]
C  [KERNEL32.DLL+0x17614]
C  [ntdll.dll+0x526a1]


---------------  P R O C E S S  ---------------

Threads class SMR info:
_java_thread_list=0x000001e9ff7c65f0, length=81, elements={
0x000001e9ece7b800, 0x000001e9fce6a800, 0x000001e9fce76000, 0x000001e9fcecf800,
0x000001e9fced3000, 0x000001e9fced4000, 0x000001e9fced9800, 0x000001e9fcede000,
0x000001e9fcee0000, 0x000001e9fd153000, 0x000001e9fea85800, 0x000001e9fe9e4800,
0x000001e9fe57f000, 0x000001e9fea78800, 0x000001e9fe2aa000, 0x000001e9fe519000,
0x000001e9fdc85000, 0x000001e9fddde000, 0x000001e9fe9be800, 0x000001e9febe6000,
0x000001e9febe7800, 0x000001e9febea000, 0x000001e9febe8800, 0x000001e9febe6800,
0x000001e9febe9000, 0x000001e9febeb000, 0x000001e9febeb800, 0x000001e9febec800,
0x000001e9fd341800, 0x000001e9fd342800, 0x000001e9fd343000, 0x000001e9fd340800,
0x000001e9fd33e800, 0x000001e9fd345000, 0x000001e9fd33f000, 0x000001e9fd345800,
0x000001e9fd340000, 0x000001e9fd346800, 0x000001e9fd34c000, 0x000001e9fd34a800,
0x000001e9fd34b800, 0x000001e9fd34d000, 0x000001e9fd348000, 0x000001e9fd347000,
0x000001e9fd349800, 0x000001e9fd349000, 0x000001e9ffc01000, 0x000001e9ffc04800,
0x000001e9ffc02000, 0x000001e9ffc05000, 0x000001e9ffc03000, 0x000001e9ffbff800,
0x000001e9ffc03800, 0x000001e9ffc06000, 0x000001e9ffc00800, 0x000001e9ffc08800,
0x000001e9ffc0a000, 0x000001e9ffc0b000, 0x000001e9ffc07800, 0x000001e9ffc07000,
0x000001e9ffc0c000, 0x000001e9ffc0d800, 0x000001e9ffc0e000, 0x000001e9ffc0c800,
0x000001e9ffc09800, 0x000001e9937d1800, 0x000001e9937d4800, 0x000001e9937d0800,
0x000001e9937d4000, 0x000001e9937d2800, 0x000001e9937d3000, 0x000001e9937d0000,
0x000001e9937cf000, 0x000001e9937d5800, 0x000001e9937d6800, 0x000001e9937dc000,
0x000001e9937dd000, 0x000001e9937d7000, 0x000001e9937dd800, 0x000001e9937d8000,
0x000001e9936be000
}

Java Threads: ( => current thread )
  0x000001e9ece7b800 JavaThread "main" [_thread_blocked, id=38916, stack(0x000000358b700000,0x000000358b800000)]
  0x000001e9fce6a800 JavaThread "Reference Handler" daemon [_thread_blocked, id=9564, stack(0x000000358be00000,0x000000358bf00000)]
  0x000001e9fce76000 JavaThread "Finalizer" daemon [_thread_blocked, id=34736, stack(0x000000358bf00000,0x000000358c000000)]
  0x000001e9fcecf800 JavaThread "Signal Dispatcher" daemon [_thread_blocked, id=32196, stack(0x000000358c000000,0x000000358c100000)]
  0x000001e9fced3000 JavaThread "Attach Listener" daemon [_thread_blocked, id=40244, stack(0x000000358c100000,0x000000358c200000)]
  0x000001e9fced4000 JavaThread "Service Thread" daemon [_thread_blocked, id=30776, stack(0x000000358c200000,0x000000358c300000)]
=>0x000001e9fced9800 JavaThread "C2 CompilerThread0" daemon [_thread_in_native, id=37960, stack(0x000000358c300000,0x000000358c400000)]
  0x000001e9fcede000 JavaThread "C1 CompilerThread0" daemon [_thread_blocked, id=34260, stack(0x000000358c400000,0x000000358c500000)]
  0x000001e9fcee0000 JavaThread "Sweeper thread" daemon [_thread_blocked, id=42972, stack(0x000000358c500000,0x000000358c600000)]
  0x000001e9fd153000 JavaThread "Common-Cleaner" daemon [_thread_blocked, id=42456, stack(0x000000358c600000,0x000000358c700000)]
  0x000001e9fea85800 JavaThread "Daemon health stats" [_thread_blocked, id=11104, stack(0x000000358c900000,0x000000358ca00000)]
  0x000001e9fe9e4800 JavaThread "Incoming local TCP Connector on port 14023" [_thread_in_native, id=38328, stack(0x000000358cc00000,0x000000358cd00000)]
  0x000001e9fe57f000 JavaThread "Daemon periodic checks" [_thread_blocked, id=42916, stack(0x000000358cd00000,0x000000358ce00000)]
  0x000001e9fea78800 JavaThread "Daemon" [_thread_blocked, id=16544, stack(0x000000358ce00000,0x000000358cf00000)]
  0x000001e9fe2aa000 JavaThread "Handler for socket connection from /127.0.0.1:14023 to /127.0.0.1:14024" [_thread_in_native, id=38184, stack(0x000000358cf00000,0x000000358d000000)]
  0x000001e9fe519000 JavaThread "Cancel handler" [_thread_blocked, id=23288, stack(0x000000358d000000,0x000000358d100000)]
  0x000001e9fdc85000 JavaThread "Daemon worker" [_thread_in_Java, id=36152, stack(0x000000358d100000,0x000000358d200000)]
  0x000001e9fddde000 JavaThread "Asynchronous log dispatcher for DefaultDaemonConnection: socket connection from /127.0.0.1:14023 to /127.0.0.1:14024" [_thread_blocked, id=5948, stack(0x000000358d200000,0x000000358d300000)]
  0x000001e9fe9be800 JavaThread "Daemon client event forwarder" [_thread_blocked, id=40708, stack(0x000000358d400000,0x000000358d500000)]
  0x000001e9febe6000 JavaThread "Cache worker for journal cache (C:\Users\user\.gradle\caches\journal-1)" [_thread_blocked, id=41204, stack(0x000000358d500000,0x000000358d600000)]
  0x000001e9febe7800 JavaThread "File lock request listener" [_thread_in_native, id=42944, stack(0x000000358d600000,0x000000358d700000)]
  0x000001e9febea000 JavaThread "Cache worker for file hash cache (C:\Users\user\.gradle\caches\7.3.3\fileHashes)" [_thread_blocked, id=28368, stack(0x000000358d700000,0x000000358d800000)]
  0x000001e9febe8800 JavaThread "Cache worker for file hash cache (C:\Android\TokoBatu\android\.gradle\7.3.3\fileHashes)" [_thread_blocked, id=34948, stack(0x000000358d800000,0x000000358d900000)]
  0x000001e9febe6800 JavaThread "File watcher server" daemon [_thread_in_native, id=37428, stack(0x000000358d900000,0x000000358da00000)]
  0x000001e9febe9000 JavaThread "File watcher consumer" daemon [_thread_blocked, id=284, stack(0x000000358da00000,0x000000358db00000)]
  0x000001e9febeb000 JavaThread "Cache worker for checksums cache (C:\Android\TokoBatu\android\.gradle\7.3.3\checksums)" [_thread_blocked, id=21864, stack(0x000000358db00000,0x000000358dc00000)]
  0x000001e9febeb800 JavaThread "Cache worker for cache directory md-supplier (C:\Users\user\.gradle\caches\7.3.3\md-supplier)" [_thread_blocked, id=42964, stack(0x000000358dc00000,0x000000358dd00000)]
  0x000001e9febec800 JavaThread "Cache worker for cache directory md-rule (C:\Users\user\.gradle\caches\7.3.3\md-rule)" [_thread_blocked, id=36068, stack(0x000000358dd00000,0x000000358de00000)]
  0x000001e9fd341800 JavaThread "Cache worker for execution history cache (C:\Users\user\.gradle\caches\7.3.3\executionHistory)" [_thread_blocked, id=31112, stack(0x000000358de00000,0x000000358df00000)]
  0x000001e9fd342800 JavaThread "jar transforms" [_thread_blocked, id=34784, stack(0x000000358df00000,0x000000358e000000)]
  0x000001e9fd343000 JavaThread "jar transforms Thread 2" [_thread_blocked, id=34804, stack(0x000000358e000000,0x000000358e100000)]
  0x000001e9fd340800 JavaThread "Cache worker for file content cache (C:\Users\user\.gradle\caches\7.3.3\fileContent)" [_thread_blocked, id=11532, stack(0x000000358e100000,0x000000358e200000)]
  0x000001e9fd33e800 JavaThread "jar transforms Thread 3" [_thread_blocked, id=38588, stack(0x000000358e200000,0x000000358e300000)]
  0x000001e9fd345000 JavaThread "jar transforms Thread 4" [_thread_blocked, id=41872, stack(0x000000358e300000,0x000000358e400000)]
  0x000001e9fd33f000 JavaThread "Cache worker for kotlin-dsl (C:\Users\user\.gradle\caches\7.3.3\kotlin-dsl)" [_thread_blocked, id=34196, stack(0x000000358b400000,0x000000358b500000)]
  0x000001e9fd345800 JavaThread "Cache worker for dependencies-accessors (C:\Android\TokoBatu\android\.gradle\7.3.3\dependencies-accessors)" [_thread_blocked, id=42688, stack(0x000000358b600000,0x000000358b700000)]
  0x000001e9fd340000 JavaThread "Cache worker for Build Output Cleanup Cache (C:\Android\TokoBatu\node_modules\react-native-gradle-plugin\.gradle\buildOutputCleanup)" [_thread_blocked, id=37072, stack(0x000000358d300000,0x000000358d400000)]
  0x000001e9fd346800 JavaThread "Unconstrained build operations" [_thread_blocked, id=39728, stack(0x000000358e500000,0x000000358e600000)]
  0x000001e9fd34c000 JavaThread "Unconstrained build operations Thread 2" [_thread_blocked, id=22440, stack(0x000000358e600000,0x000000358e700000)]
  0x000001e9fd34a800 JavaThread "Unconstrained build operations Thread 3" [_thread_blocked, id=38136, stack(0x000000358e700000,0x000000358e800000)]
  0x000001e9fd34b800 JavaThread "Unconstrained build operations Thread 4" [_thread_blocked, id=30252, stack(0x000000358e800000,0x000000358e900000)]
  0x000001e9fd34d000 JavaThread "Unconstrained build operations Thread 5" [_thread_blocked, id=34632, stack(0x000000358e900000,0x000000358ea00000)]
  0x000001e9fd348000 JavaThread "Unconstrained build operations Thread 6" [_thread_blocked, id=6344, stack(0x000000358ea00000,0x000000358eb00000)]
  0x000001e9fd347000 JavaThread "Unconstrained build operations Thread 7" [_thread_blocked, id=23096, stack(0x000000358eb00000,0x000000358ec00000)]
  0x000001e9fd349800 JavaThread "Unconstrained build operations Thread 8" [_thread_blocked, id=41264, stack(0x000000358ec00000,0x000000358ed00000)]
  0x000001e9fd349000 JavaThread "Unconstrained build operations Thread 9" [_thread_blocked, id=31320, stack(0x000000358ed00000,0x000000358ee00000)]
  0x000001e9ffc01000 JavaThread "Unconstrained build operations Thread 10" [_thread_blocked, id=41608, stack(0x000000358ee00000,0x000000358ef00000)]
  0x000001e9ffc04800 JavaThread "Unconstrained build operations Thread 11" [_thread_blocked, id=42332, stack(0x000000358ef00000,0x000000358f000000)]
  0x000001e9ffc02000 JavaThread "Unconstrained build operations Thread 12" [_thread_blocked, id=24684, stack(0x000000358f000000,0x000000358f100000)]
  0x000001e9ffc05000 JavaThread "Unconstrained build operations Thread 13" [_thread_blocked, id=42272, stack(0x000000358f100000,0x000000358f200000)]
  0x000001e9ffc03000 JavaThread "Unconstrained build operations Thread 14" [_thread_blocked, id=12684, stack(0x000000358f200000,0x000000358f300000)]
  0x000001e9ffbff800 JavaThread "Unconstrained build operations Thread 15" [_thread_blocked, id=38256, stack(0x000000358f300000,0x000000358f400000)]
  0x000001e9ffc03800 JavaThread "Unconstrained build operations Thread 16" [_thread_blocked, id=3648, stack(0x000000358f400000,0x000000358f500000)]
  0x000001e9ffc06000 JavaThread "Unconstrained build operations Thread 17" [_thread_blocked, id=30860, stack(0x000000358f500000,0x000000358f600000)]
  0x000001e9ffc00800 JavaThread "Unconstrained build operations Thread 18" [_thread_blocked, id=42172, stack(0x000000358f600000,0x000000358f700000)]
  0x000001e9ffc08800 JavaThread "Unconstrained build operations Thread 19" [_thread_blocked, id=40908, stack(0x000000358f700000,0x000000358f800000)]
  0x000001e9ffc0a000 JavaThread "Unconstrained build operations Thread 20" [_thread_blocked, id=31564, stack(0x000000358f800000,0x000000358f900000)]
  0x000001e9ffc0b000 JavaThread "Unconstrained build operations Thread 21" [_thread_blocked, id=25596, stack(0x000000358f900000,0x000000358fa00000)]
  0x000001e9ffc07800 JavaThread "Unconstrained build operations Thread 22" [_thread_blocked, id=29744, stack(0x000000358fa00000,0x000000358fb00000)]
  0x000001e9ffc07000 JavaThread "Unconstrained build operations Thread 23" [_thread_blocked, id=2816, stack(0x000000358fb00000,0x000000358fc00000)]
  0x000001e9ffc0c000 JavaThread "Unconstrained build operations Thread 24" [_thread_blocked, id=37164, stack(0x000000358fc00000,0x000000358fd00000)]
  0x000001e9ffc0d800 JavaThread "Unconstrained build operations Thread 25" [_thread_blocked, id=35236, stack(0x000000358fd00000,0x000000358fe00000)]
  0x000001e9ffc0e000 JavaThread "Unconstrained build operations Thread 26" [_thread_blocked, id=37816, stack(0x000000358fe00000,0x000000358ff00000)]
  0x000001e9ffc0c800 JavaThread "Unconstrained build operations Thread 27" [_thread_blocked, id=15500, stack(0x000000358ff00000,0x0000003590000000)]
  0x000001e9ffc09800 JavaThread "Unconstrained build operations Thread 28" [_thread_blocked, id=9836, stack(0x0000003590000000,0x0000003590100000)]
  0x000001e9937d1800 JavaThread "Unconstrained build operations Thread 29" [_thread_blocked, id=36184, stack(0x0000003590100000,0x0000003590200000)]
  0x000001e9937d4800 JavaThread "Unconstrained build operations Thread 30" [_thread_blocked, id=30448, stack(0x0000003590200000,0x0000003590300000)]
  0x000001e9937d0800 JavaThread "Unconstrained build operations Thread 31" [_thread_blocked, id=40944, stack(0x0000003590300000,0x0000003590400000)]
  0x000001e9937d4000 JavaThread "Unconstrained build operations Thread 32" [_thread_blocked, id=18000, stack(0x0000003590400000,0x0000003590500000)]
  0x000001e9937d2800 JavaThread "Unconstrained build operations Thread 33" [_thread_blocked, id=7624, stack(0x0000003590500000,0x0000003590600000)]
  0x000001e9937d3000 JavaThread "build event listener" [_thread_blocked, id=37620, stack(0x0000003590600000,0x0000003590700000)]
  0x000001e9937d0000 JavaThread "Memory manager" [_thread_blocked, id=13252, stack(0x0000003590700000,0x0000003590800000)]
  0x000001e9937cf000 JavaThread "Cache worker for Build Output Cleanup Cache (C:\Android\TokoBatu\android\.gradle\buildOutputCleanup)" [_thread_blocked, id=39788, stack(0x0000003590800000,0x0000003590900000)]
  0x000001e9937d5800 JavaThread "Cache worker for execution history cache (C:\Android\TokoBatu\node_modules\react-native-gradle-plugin\.gradle\7.3.3\executionHistory)" [_thread_blocked, id=35720, stack(0x0000003590d00000,0x0000003590e00000)]
  0x000001e9937d6800 JavaThread "Unconstrained build operations Thread 34" [_thread_blocked, id=20256, stack(0x0000003590e00000,0x0000003590f00000)]
  0x000001e9937dc000 JavaThread "Unconstrained build operations Thread 35" [_thread_blocked, id=40852, stack(0x0000003590f00000,0x0000003591000000)]
  0x000001e9937dd000 JavaThread "Unconstrained build operations Thread 36" [_thread_blocked, id=11144, stack(0x0000003591000000,0x0000003591100000)]
  0x000001e9937d7000 JavaThread "Unconstrained build operations Thread 37" [_thread_blocked, id=15112, stack(0x0000003591100000,0x0000003591200000)]
  0x000001e9937dd800 JavaThread "Unconstrained build operations Thread 38" [_thread_blocked, id=39912, stack(0x0000003591200000,0x0000003591300000)]
  0x000001e9937d8000 JavaThread "Unconstrained build operations Thread 39" [_thread_blocked, id=42184, stack(0x0000003591300000,0x0000003591400000)]
  0x000001e9936be000 JavaThread "Unconstrained build operations Thread 40" [_thread_blocked, id=27016, stack(0x0000003591400000,0x0000003591500000)]

Other Threads:
  0x000001e9fce68000 VMThread "VM Thread" [stack: 0x000000358bd00000,0x000000358be00000] [id=33856]
  0x000001e9fd162800 WatcherThread [stack: 0x000000358c700000,0x000000358c800000] [id=41100]
  0x000001e9ece8d800 GCTaskThread "GC Thread#0" [stack: 0x000000358b800000,0x000000358b900000] [id=26792]
  0x000001e9fd44a800 GCTaskThread "GC Thread#1" [stack: 0x000000358c800000,0x000000358c900000] [id=20824]
  0x000001e9fee48000 GCTaskThread "GC Thread#2" [stack: 0x000000358ca00000,0x000000358cb00000] [id=28616]
  0x000001e9fdd9d000 GCTaskThread "GC Thread#3" [stack: 0x000000358cb00000,0x000000358cc00000] [id=6340]
  0x000001e9ecebf000 ConcurrentGCThread "G1 Main Marker" [stack: 0x000000358b900000,0x000000358ba00000] [id=31772]
  0x000001e9ecec2000 ConcurrentGCThread "G1 Conc#0" [stack: 0x000000358ba00000,0x000000358bb00000] [id=42044]
  0x000001e9ecf07000 ConcurrentGCThread "G1 Refine#0" [stack: 0x000000358bb00000,0x000000358bc00000] [id=42840]
  0x000001e9ecf08000 ConcurrentGCThread "G1 Young RemSet Sampling" [stack: 0x000000358bc00000,0x000000358bd00000] [id=42196]

Threads with active compile tasks:
C2 CompilerThread0   239506 9767       4       org.objectweb.asm.Type::getType (122 bytes)

VM state:not at safepoint (normal execution)

VM Mutex/Monitor currently owned by a thread: None

Heap address: 0x0000000080000000, size: 2048 MB, Compressed Oops mode: 32-bit
Narrow klass base: 0x0000000000000000, Narrow klass shift: 3
Compressed class space size: 528482304 Address: 0x0000000100000000

Heap:
 garbage-first heap   total 193536K, used 90262K [0x0000000080000000, 0x0000000100000000)
  region size 1024K, 12 young (12288K), 3 survivors (3072K)
 Metaspace       used 88425K, capacity 91099K, committed 91344K, reserved 595968K
  class space    used 11415K, capacity 12405K, committed 12416K, reserved 516096K
Heap Regions: E=young(eden), S=young(survivor), O=old, HS=humongous(starts), HC=humongous(continues), CS=collection set, F=free, A=archive, TAMS=top-at-mark-start (previous, next)
|   0|0x0000000080000000, 0x0000000080100000, 0x0000000080100000|100%| O|  |TAMS 0x0000000080100000, 0x0000000080000000| Untracked 
|   1|0x0000000080100000, 0x0000000080200000, 0x0000000080200000|100%| O|  |TAMS 0x0000000080200000, 0x0000000080100000| Untracked 
|   2|0x0000000080200000, 0x0000000080300000, 0x0000000080300000|100%| O|  |TAMS 0x0000000080300000, 0x0000000080200000| Untracked 
|   3|0x0000000080300000, 0x0000000080400000, 0x0000000080400000|100%|HS|  |TAMS 0x0000000080400000, 0x0000000080300000| Complete 
|   4|0x0000000080400000, 0x0000000080500000, 0x0000000080500000|100%|HC|  |TAMS 0x0000000080500000, 0x0000000080400000| Complete 
|   5|0x0000000080500000, 0x0000000080600000, 0x0000000080600000|100%|HC|  |TAMS 0x0000000080600000, 0x0000000080500000| Complete 
|   6|0x0000000080600000, 0x0000000080700000, 0x0000000080700000|100%| O|  |TAMS 0x0000000080700000, 0x0000000080600000| Untracked 
|   7|0x0000000080700000, 0x0000000080800000, 0x0000000080800000|100%| O|  |TAMS 0x0000000080800000, 0x0000000080700000| Untracked 
|   8|0x0000000080800000, 0x0000000080900000, 0x0000000080900000|100%| O|  |TAMS 0x0000000080900000, 0x0000000080800000| Untracked 
|   9|0x0000000080900000, 0x0000000080a00000, 0x0000000080a00000|100%| O|  |TAMS 0x0000000080a00000, 0x0000000080900000| Untracked 
|  10|0x0000000080a00000, 0x0000000080b00000, 0x0000000080b00000|100%| O|  |TAMS 0x0000000080b00000, 0x0000000080a00000| Untracked 
|  11|0x0000000080b00000, 0x0000000080c00000, 0x0000000080c00000|100%| O|  |TAMS 0x0000000080c00000, 0x0000000080b00000| Untracked 
|  12|0x0000000080c00000, 0x0000000080d00000, 0x0000000080d00000|100%| O|  |TAMS 0x0000000080d00000, 0x0000000080c00000| Untracked 
|  13|0x0000000080d00000, 0x0000000080e00000, 0x0000000080e00000|100%| O|  |TAMS 0x0000000080e00000, 0x0000000080d00000| Untracked 
|  14|0x0000000080e00000, 0x0000000080f00000, 0x0000000080f00000|100%| O|  |TAMS 0x0000000080f00000, 0x0000000080e00000| Untracked 
|  15|0x0000000080f00000, 0x0000000081000000, 0x0000000081000000|100%| O|  |TAMS 0x0000000081000000, 0x0000000080f00000| Untracked 
|  16|0x0000000081000000, 0x0000000081100000, 0x0000000081100000|100%| O|  |TAMS 0x0000000081100000, 0x0000000081000000| Untracked 
|  17|0x0000000081100000, 0x0000000081200000, 0x0000000081200000|100%| O|  |TAMS 0x0000000081200000, 0x0000000081100000| Untracked 
|  18|0x0000000081200000, 0x0000000081300000, 0x0000000081300000|100%| O|  |TAMS 0x0000000081300000, 0x0000000081200000| Untracked 
|  19|0x0000000081300000, 0x0000000081400000, 0x0000000081400000|100%| O|  |TAMS 0x0000000081400000, 0x0000000081300000| Untracked 
|  20|0x0000000081400000, 0x0000000081500000, 0x0000000081500000|100%| O|  |TAMS 0x0000000081500000, 0x0000000081400000| Untracked 
|  21|0x0000000081500000, 0x0000000081600000, 0x0000000081600000|100%| O|  |TAMS 0x0000000081600000, 0x0000000081500000| Untracked 
|  22|0x0000000081600000, 0x0000000081700000, 0x0000000081700000|100%| O|  |TAMS 0x0000000081700000, 0x0000000081600000| Untracked 
|  23|0x0000000081700000, 0x0000000081800000, 0x0000000081800000|100%| O|  |TAMS 0x0000000081800000, 0x0000000081700000| Untracked 
|  24|0x0000000081800000, 0x0000000081900000, 0x0000000081900000|100%| O|  |TAMS 0x0000000081900000, 0x0000000081800000| Untracked 
|  25|0x0000000081900000, 0x0000000081a00000, 0x0000000081a00000|100%| O|  |TAMS 0x0000000081a00000, 0x0000000081900000| Untracked 
|  26|0x0000000081a00000, 0x0000000081b00000, 0x0000000081b00000|100%| O|  |TAMS 0x0000000081b00000, 0x0000000081a00000| Untracked 
|  27|0x0000000081b00000, 0x0000000081c00000, 0x0000000081c00000|100%| O|  |TAMS 0x0000000081c00000, 0x0000000081b00000| Untracked 
|  28|0x0000000081c00000, 0x0000000081d00000, 0x0000000081d00000|100%| O|  |TAMS 0x0000000081d00000, 0x0000000081c00000| Untracked 
|  29|0x0000000081d00000, 0x0000000081e00000, 0x0000000081e00000|100%| O|  |TAMS 0x0000000081e00000, 0x0000000081d00000| Untracked 
|  30|0x0000000081e00000, 0x0000000081f00000, 0x0000000081f00000|100%| O|  |TAMS 0x0000000081f00000, 0x0000000081e00000| Untracked 
|  31|0x0000000081f00000, 0x0000000082000000, 0x0000000082000000|100%| O|  |TAMS 0x0000000082000000, 0x0000000081f00000| Untracked 
|  32|0x0000000082000000, 0x0000000082100000, 0x0000000082100000|100%| O|  |TAMS 0x0000000082100000, 0x0000000082000000| Untracked 
|  33|0x0000000082100000, 0x0000000082200000, 0x0000000082200000|100%| O|  |TAMS 0x0000000082200000, 0x0000000082100000| Untracked 
|  34|0x0000000082200000, 0x0000000082300000, 0x0000000082300000|100%|HS|  |TAMS 0x0000000082300000, 0x0000000082200000| Complete 
|  35|0x0000000082300000, 0x0000000082400000, 0x0000000082400000|100%|HS|  |TAMS 0x0000000082400000, 0x0000000082300000| Complete 
|  36|0x0000000082400000, 0x0000000082500000, 0x0000000082500000|100%|HC|  |TAMS 0x0000000082500000, 0x0000000082400000| Complete 
|  37|0x0000000082500000, 0x0000000082600000, 0x0000000082600000|100%|HC|  |TAMS 0x0000000082600000, 0x0000000082500000| Complete 
|  38|0x0000000082600000, 0x0000000082700000, 0x0000000082700000|100%| O|  |TAMS 0x0000000082700000, 0x0000000082600000| Untracked 
|  39|0x0000000082700000, 0x0000000082800000, 0x0000000082800000|100%| O|  |TAMS 0x0000000082800000, 0x0000000082700000| Untracked 
|  40|0x0000000082800000, 0x0000000082900000, 0x0000000082900000|100%| O|  |TAMS 0x0000000082900000, 0x0000000082800000| Untracked 
|  41|0x0000000082900000, 0x0000000082a00000, 0x0000000082a00000|100%| O|  |TAMS 0x0000000082a00000, 0x0000000082900000| Untracked 
|  42|0x0000000082a00000, 0x0000000082b00000, 0x0000000082b00000|100%| O|  |TAMS 0x0000000082b00000, 0x0000000082a00000| Untracked 
|  43|0x0000000082b00000, 0x0000000082c00000, 0x0000000082c00000|100%| O|  |TAMS 0x0000000082c00000, 0x0000000082b00000| Untracked 
|  44|0x0000000082c00000, 0x0000000082d00000, 0x0000000082d00000|100%| O|  |TAMS 0x0000000082d00000, 0x0000000082c00000| Untracked 
|  45|0x0000000082d00000, 0x0000000082e00000, 0x0000000082e00000|100%| O|  |TAMS 0x0000000082e00000, 0x0000000082d00000| Untracked 
|  46|0x0000000082e00000, 0x0000000082f00000, 0x0000000082f00000|100%| O|  |TAMS 0x0000000082f00000, 0x0000000082e00000| Untracked 
|  47|0x0000000082f00000, 0x0000000083000000, 0x0000000083000000|100%| O|  |TAMS 0x0000000083000000, 0x0000000082f00000| Untracked 
|  48|0x0000000083000000, 0x0000000083100000, 0x0000000083100000|100%| O|  |TAMS 0x0000000083100000, 0x0000000083000000| Untracked 
|  49|0x0000000083100000, 0x0000000083200000, 0x0000000083200000|100%| O|  |TAMS 0x0000000083200000, 0x0000000083100000| Untracked 
|  50|0x0000000083200000, 0x0000000083300000, 0x0000000083300000|100%| O|  |TAMS 0x0000000083300000, 0x0000000083200000| Untracked 
|  51|0x0000000083300000, 0x0000000083400000, 0x0000000083400000|100%| O|  |TAMS 0x0000000083400000, 0x0000000083300000| Untracked 
|  52|0x0000000083400000, 0x0000000083500000, 0x0000000083500000|100%| O|  |TAMS 0x0000000083500000, 0x0000000083400000| Untracked 
|  53|0x0000000083500000, 0x0000000083600000, 0x0000000083600000|100%| O|  |TAMS 0x0000000083600000, 0x0000000083500000| Untracked 
|  54|0x0000000083600000, 0x0000000083700000, 0x0000000083700000|100%| O|  |TAMS 0x0000000083700000, 0x0000000083600000| Untracked 
|  55|0x0000000083700000, 0x0000000083800000, 0x0000000083800000|100%| O|  |TAMS 0x0000000083800000, 0x0000000083700000| Untracked 
|  56|0x0000000083800000, 0x0000000083900000, 0x0000000083900000|100%|HS|  |TAMS 0x0000000083900000, 0x0000000083800000| Complete 
|  57|0x0000000083900000, 0x0000000083a00000, 0x0000000083a00000|100%|HS|  |TAMS 0x0000000083a00000, 0x0000000083900000| Complete 
|  58|0x0000000083a00000, 0x0000000083b00000, 0x0000000083b00000|100%| O|  |TAMS 0x0000000083b00000, 0x0000000083a00000| Untracked 
|  59|0x0000000083b00000, 0x0000000083c00000, 0x0000000083c00000|100%| O|  |TAMS 0x0000000083c00000, 0x0000000083b00000| Untracked 
|  60|0x0000000083c00000, 0x0000000083d00000, 0x0000000083d00000|100%|HS|  |TAMS 0x0000000083d00000, 0x0000000083c00000| Complete 
|  61|0x0000000083d00000, 0x0000000083e00000, 0x0000000083e00000|100%|HC|  |TAMS 0x0000000083e00000, 0x0000000083d00000| Complete 
|  62|0x0000000083e00000, 0x0000000083f00000, 0x0000000083f00000|100%| O|  |TAMS 0x0000000083f00000, 0x0000000083e00000| Untracked 
|  63|0x0000000083f00000, 0x0000000084000000, 0x0000000084000000|100%| O|  |TAMS 0x0000000084000000, 0x0000000083f00000| Untracked 
|  64|0x0000000084000000, 0x0000000084100000, 0x0000000084100000|100%| O|  |TAMS 0x0000000084100000, 0x0000000084000000| Untracked 
|  65|0x0000000084100000, 0x0000000084200000, 0x0000000084200000|100%| O|  |TAMS 0x0000000084200000, 0x0000000084100000| Untracked 
|  66|0x0000000084200000, 0x0000000084300000, 0x0000000084300000|100%| O|  |TAMS 0x0000000084300000, 0x0000000084200000| Untracked 
|  67|0x0000000084300000, 0x0000000084400000, 0x0000000084400000|100%| O|  |TAMS 0x0000000084400000, 0x0000000084300000| Untracked 
|  68|0x0000000084400000, 0x0000000084500000, 0x0000000084500000|100%| O|  |TAMS 0x0000000084500000, 0x0000000084400000| Untracked 
|  69|0x0000000084500000, 0x0000000084600000, 0x0000000084600000|100%| O|  |TAMS 0x0000000084600000, 0x0000000084500000| Untracked 
|  70|0x0000000084600000, 0x0000000084700000, 0x0000000084700000|100%| O|  |TAMS 0x0000000084700000, 0x0000000084600000| Untracked 
|  71|0x0000000084700000, 0x0000000084800000, 0x0000000084800000|100%| O|  |TAMS 0x0000000084800000, 0x0000000084700000| Untracked 
|  72|0x0000000084800000, 0x0000000084900000, 0x0000000084900000|100%| O|  |TAMS 0x0000000084900000, 0x0000000084800000| Untracked 
|  73|0x0000000084900000, 0x0000000084a00000, 0x0000000084a00000|100%| O|  |TAMS 0x0000000084a00000, 0x0000000084900000| Untracked 
|  74|0x0000000084a00000, 0x0000000084b00000, 0x0000000084b00000|100%| O|  |TAMS 0x0000000084ab8e00, 0x0000000084a00000| Untracked 
|  75|0x0000000084b00000, 0x0000000084c00000, 0x0000000084c00000|100%| O|  |TAMS 0x0000000084b00000, 0x0000000084b00000| Untracked 
|  76|0x0000000084c00000, 0x0000000084d00000, 0x0000000084d00000|100%| O|  |TAMS 0x0000000084c00000, 0x0000000084c00000| Untracked 
|  77|0x0000000084d00000, 0x0000000084e00000, 0x0000000084e00000|100%| O|  |TAMS 0x0000000084d00000, 0x0000000084d00000| Untracked 
|  78|0x0000000084e00000, 0x0000000084e00000, 0x0000000084f00000|  0%| F|  |TAMS 0x0000000084e00000, 0x0000000084e00000| Untracked 
|  79|0x0000000084f00000, 0x0000000084f00000, 0x0000000085000000|  0%| F|  |TAMS 0x0000000084f00000, 0x0000000084f00000| Untracked 
|  80|0x0000000085000000, 0x0000000085000000, 0x0000000085100000|  0%| F|  |TAMS 0x0000000085000000, 0x0000000085000000| Untracked 
|  81|0x0000000085100000, 0x0000000085100000, 0x0000000085200000|  0%| F|  |TAMS 0x0000000085100000, 0x0000000085100000| Untracked 
|  82|0x0000000085200000, 0x0000000085200000, 0x0000000085300000|  0%| F|  |TAMS 0x0000000085200000, 0x0000000085200000| Untracked 
|  83|0x0000000085300000, 0x0000000085300000, 0x0000000085400000|  0%| F|  |TAMS 0x0000000085300000, 0x0000000085300000| Untracked 
|  84|0x0000000085400000, 0x0000000085400000, 0x0000000085500000|  0%| F|  |TAMS 0x0000000085400000, 0x0000000085400000| Untracked 
|  85|0x0000000085500000, 0x0000000085500000, 0x0000000085600000|  0%| F|  |TAMS 0x0000000085500000, 0x0000000085500000| Untracked 
|  86|0x0000000085600000, 0x0000000085600000, 0x0000000085700000|  0%| F|  |TAMS 0x0000000085600000, 0x0000000085600000| Untracked 
|  87|0x0000000085700000, 0x0000000085700000, 0x0000000085800000|  0%| F|  |TAMS 0x0000000085700000, 0x0000000085700000| Untracked 
|  88|0x0000000085800000, 0x0000000085800000, 0x0000000085900000|  0%| F|  |TAMS 0x0000000085800000, 0x0000000085800000| Untracked 
|  89|0x0000000085900000, 0x0000000085900000, 0x0000000085a00000|  0%| F|  |TAMS 0x0000000085900000, 0x0000000085900000| Untracked 
|  90|0x0000000085a00000, 0x0000000085a00000, 0x0000000085b00000|  0%| F|  |TAMS 0x0000000085a00000, 0x0000000085a00000| Untracked 
|  91|0x0000000085b00000, 0x0000000085b00000, 0x0000000085c00000|  0%| F|  |TAMS 0x0000000085b00000, 0x0000000085b00000| Untracked 
|  92|0x0000000085c00000, 0x0000000085c00000, 0x0000000085d00000|  0%| F|  |TAMS 0x0000000085c00000, 0x0000000085c00000| Untracked 
|  93|0x0000000085d00000, 0x0000000085d00000, 0x0000000085e00000|  0%| F|  |TAMS 0x0000000085d00000, 0x0000000085d00000| Untracked 
|  94|0x0000000085e00000, 0x0000000085e00000, 0x0000000085f00000|  0%| F|  |TAMS 0x0000000085e00000, 0x0000000085e00000| Untracked 
|  95|0x0000000085f00000, 0x0000000085f00000, 0x0000000086000000|  0%| F|  |TAMS 0x0000000085f00000, 0x0000000085f00000| Untracked 
|  96|0x0000000086000000, 0x0000000086000000, 0x0000000086100000|  0%| F|  |TAMS 0x0000000086000000, 0x0000000086000000| Untracked 
|  97|0x0000000086100000, 0x0000000086100000, 0x0000000086200000|  0%| F|  |TAMS 0x0000000086100000, 0x0000000086100000| Untracked 
|  98|0x0000000086200000, 0x0000000086200000, 0x0000000086300000|  0%| F|  |TAMS 0x0000000086200000, 0x0000000086200000| Untracked 
|  99|0x0000000086300000, 0x0000000086300000, 0x0000000086400000|  0%| F|  |TAMS 0x0000000086300000, 0x0000000086300000| Untracked 
| 100|0x0000000086400000, 0x0000000086400000, 0x0000000086500000|  0%| F|  |TAMS 0x0000000086400000, 0x0000000086400000| Untracked 
| 101|0x0000000086500000, 0x0000000086500000, 0x0000000086600000|  0%| F|  |TAMS 0x0000000086500000, 0x0000000086500000| Untracked 
| 102|0x0000000086600000, 0x0000000086600000, 0x0000000086700000|  0%| F|  |TAMS 0x0000000086600000, 0x0000000086600000| Untracked 
| 103|0x0000000086700000, 0x0000000086700000, 0x0000000086800000|  0%| F|  |TAMS 0x0000000086700000, 0x0000000086700000| Untracked 
| 104|0x0000000086800000, 0x0000000086800000, 0x0000000086900000|  0%| F|  |TAMS 0x0000000086800000, 0x0000000086800000| Untracked 
| 105|0x0000000086900000, 0x0000000086900000, 0x0000000086a00000|  0%| F|  |TAMS 0x0000000086900000, 0x0000000086900000| Untracked 
| 106|0x0000000086a00000, 0x0000000086a00000, 0x0000000086b00000|  0%| F|  |TAMS 0x0000000086a00000, 0x0000000086a00000| Untracked 
| 107|0x0000000086b00000, 0x0000000086b00000, 0x0000000086c00000|  0%| F|  |TAMS 0x0000000086b00000, 0x0000000086b00000| Untracked 
| 108|0x0000000086c00000, 0x0000000086c25b50, 0x0000000086d00000| 14%| S|CS|TAMS 0x0000000086c00000, 0x0000000086c00000| Complete 
| 109|0x0000000086d00000, 0x0000000086e00000, 0x0000000086e00000|100%| S|CS|TAMS 0x0000000086d00000, 0x0000000086d00000| Complete 
| 110|0x0000000086e00000, 0x0000000086f00000, 0x0000000086f00000|100%| S|CS|TAMS 0x0000000086e00000, 0x0000000086e00000| Complete 
| 111|0x0000000086f00000, 0x0000000086f00000, 0x0000000087000000|  0%| F|  |TAMS 0x0000000086f00000, 0x0000000086f00000| Untracked 
| 112|0x0000000087000000, 0x0000000087000000, 0x0000000087100000|  0%| F|  |TAMS 0x0000000087000000, 0x0000000087000000| Untracked 
| 113|0x0000000087100000, 0x0000000087100000, 0x0000000087200000|  0%| F|  |TAMS 0x0000000087100000, 0x0000000087100000| Untracked 
| 114|0x0000000087200000, 0x0000000087200000, 0x0000000087300000|  0%| F|  |TAMS 0x0000000087200000, 0x0000000087200000| Untracked 
| 115|0x0000000087300000, 0x0000000087300000, 0x0000000087400000|  0%| F|  |TAMS 0x0000000087300000, 0x0000000087300000| Untracked 
| 116|0x0000000087400000, 0x0000000087400000, 0x0000000087500000|  0%| F|  |TAMS 0x0000000087400000, 0x0000000087400000| Untracked 
| 117|0x0000000087500000, 0x0000000087500000, 0x0000000087600000|  0%| F|  |TAMS 0x0000000087500000, 0x0000000087500000| Untracked 
| 118|0x0000000087600000, 0x0000000087600000, 0x0000000087700000|  0%| F|  |TAMS 0x0000000087600000, 0x0000000087600000| Untracked 
| 119|0x0000000087700000, 0x0000000087700000, 0x0000000087800000|  0%| F|  |TAMS 0x0000000087700000, 0x0000000087700000| Untracked 
| 120|0x0000000087800000, 0x0000000087800000, 0x0000000087900000|  0%| F|  |TAMS 0x0000000087800000, 0x0000000087800000| Untracked 
| 121|0x0000000087900000, 0x0000000087900000, 0x0000000087a00000|  0%| F|  |TAMS 0x0000000087900000, 0x0000000087900000| Untracked 
| 122|0x0000000087a00000, 0x0000000087a00000, 0x0000000087b00000|  0%| F|  |TAMS 0x0000000087a00000, 0x0000000087a00000| Untracked 
| 123|0x0000000087b00000, 0x0000000087b00000, 0x0000000087c00000|  0%| F|  |TAMS 0x0000000087b00000, 0x0000000087b00000| Untracked 
| 124|0x0000000087c00000, 0x0000000087c00000, 0x0000000087d00000|  0%| F|  |TAMS 0x0000000087c00000, 0x0000000087c00000| Untracked 
| 125|0x0000000087d00000, 0x0000000087d00000, 0x0000000087e00000|  0%| F|  |TAMS 0x0000000087d00000, 0x0000000087d00000| Untracked 
| 126|0x0000000087e00000, 0x0000000087e00000, 0x0000000087f00000|  0%| F|  |TAMS 0x0000000087e00000, 0x0000000087e00000| Untracked 
| 127|0x0000000087f00000, 0x0000000087f00000, 0x0000000088000000|  0%| F|  |TAMS 0x0000000087f00000, 0x0000000087f00000| Untracked 
| 128|0x0000000088000000, 0x0000000088000000, 0x0000000088100000|  0%| F|  |TAMS 0x0000000088000000, 0x0000000088000000| Untracked 
| 129|0x0000000088100000, 0x0000000088100000, 0x0000000088200000|  0%| F|  |TAMS 0x0000000088100000, 0x0000000088100000| Untracked 
| 130|0x0000000088200000, 0x0000000088200000, 0x0000000088300000|  0%| F|  |TAMS 0x0000000088200000, 0x0000000088200000| Untracked 
| 131|0x0000000088300000, 0x0000000088300000, 0x0000000088400000|  0%| F|  |TAMS 0x0000000088300000, 0x0000000088300000| Untracked 
| 132|0x0000000088400000, 0x0000000088400000, 0x0000000088500000|  0%| F|  |TAMS 0x0000000088400000, 0x0000000088400000| Untracked 
| 133|0x0000000088500000, 0x0000000088500000, 0x0000000088600000|  0%| F|  |TAMS 0x0000000088500000, 0x0000000088500000| Untracked 
| 134|0x0000000088600000, 0x0000000088600000, 0x0000000088700000|  0%| F|  |TAMS 0x0000000088600000, 0x0000000088600000| Untracked 
| 135|0x0000000088700000, 0x0000000088700000, 0x0000000088800000|  0%| F|  |TAMS 0x0000000088700000, 0x0000000088700000| Untracked 
| 136|0x0000000088800000, 0x0000000088800000, 0x0000000088900000|  0%| F|  |TAMS 0x0000000088800000, 0x0000000088800000| Untracked 
| 137|0x0000000088900000, 0x0000000088900000, 0x0000000088a00000|  0%| F|  |TAMS 0x0000000088900000, 0x0000000088900000| Untracked 
| 138|0x0000000088a00000, 0x0000000088a00000, 0x0000000088b00000|  0%| F|  |TAMS 0x0000000088a00000, 0x0000000088a00000| Untracked 
| 139|0x0000000088b00000, 0x0000000088b00000, 0x0000000088c00000|  0%| F|  |TAMS 0x0000000088b00000, 0x0000000088b00000| Untracked 
| 140|0x0000000088c00000, 0x0000000088c00000, 0x0000000088d00000|  0%| F|  |TAMS 0x0000000088c00000, 0x0000000088c00000| Untracked 
| 141|0x0000000088d00000, 0x0000000088d00000, 0x0000000088e00000|  0%| F|  |TAMS 0x0000000088d00000, 0x0000000088d00000| Untracked 
| 142|0x0000000088e00000, 0x0000000088e00000, 0x0000000088f00000|  0%| F|  |TAMS 0x0000000088e00000, 0x0000000088e00000| Untracked 
| 143|0x0000000088f00000, 0x0000000088f00000, 0x0000000089000000|  0%| F|  |TAMS 0x0000000088f00000, 0x0000000088f00000| Untracked 
| 144|0x0000000089000000, 0x0000000089000000, 0x0000000089100000|  0%| F|  |TAMS 0x0000000089000000, 0x0000000089000000| Untracked 
| 145|0x0000000089100000, 0x0000000089100000, 0x0000000089200000|  0%| F|  |TAMS 0x0000000089100000, 0x0000000089100000| Untracked 
| 146|0x0000000089200000, 0x0000000089200000, 0x0000000089300000|  0%| F|  |TAMS 0x0000000089200000, 0x0000000089200000| Untracked 
| 147|0x0000000089300000, 0x0000000089300000, 0x0000000089400000|  0%| F|  |TAMS 0x0000000089300000, 0x0000000089300000| Untracked 
| 148|0x0000000089400000, 0x0000000089400000, 0x0000000089500000|  0%| F|  |TAMS 0x0000000089400000, 0x0000000089400000| Untracked 
| 149|0x0000000089500000, 0x0000000089500000, 0x0000000089600000|  0%| F|  |TAMS 0x0000000089500000, 0x0000000089500000| Untracked 
| 150|0x0000000089600000, 0x0000000089600000, 0x0000000089700000|  0%| F|  |TAMS 0x0000000089600000, 0x0000000089600000| Untracked 
| 151|0x0000000089700000, 0x0000000089700000, 0x0000000089800000|  0%| F|  |TAMS 0x0000000089700000, 0x0000000089700000| Untracked 
| 152|0x0000000089800000, 0x0000000089800000, 0x0000000089900000|  0%| F|  |TAMS 0x0000000089800000, 0x0000000089800000| Untracked 
| 153|0x0000000089900000, 0x0000000089900000, 0x0000000089a00000|  0%| F|  |TAMS 0x0000000089900000, 0x0000000089900000| Untracked 
| 154|0x0000000089a00000, 0x0000000089a00000, 0x0000000089b00000|  0%| F|  |TAMS 0x0000000089a00000, 0x0000000089a00000| Untracked 
| 155|0x0000000089b00000, 0x0000000089b00000, 0x0000000089c00000|  0%| F|  |TAMS 0x0000000089b00000, 0x0000000089b00000| Untracked 
| 156|0x0000000089c00000, 0x0000000089c00000, 0x0000000089d00000|  0%| F|  |TAMS 0x0000000089c00000, 0x0000000089c00000| Untracked 
| 157|0x0000000089d00000, 0x0000000089d00000, 0x0000000089e00000|  0%| F|  |TAMS 0x0000000089d00000, 0x0000000089d00000| Untracked 
| 158|0x0000000089e00000, 0x0000000089e00000, 0x0000000089f00000|  0%| F|  |TAMS 0x0000000089e00000, 0x0000000089e00000| Untracked 
| 159|0x0000000089f00000, 0x0000000089f00000, 0x000000008a000000|  0%| F|  |TAMS 0x0000000089f00000, 0x0000000089f00000| Untracked 
| 160|0x000000008a000000, 0x000000008a000000, 0x000000008a100000|  0%| F|  |TAMS 0x000000008a000000, 0x000000008a000000| Untracked 
| 161|0x000000008a100000, 0x000000008a100000, 0x000000008a200000|  0%| F|  |TAMS 0x000000008a100000, 0x000000008a100000| Untracked 
| 162|0x000000008a200000, 0x000000008a200000, 0x000000008a300000|  0%| F|  |TAMS 0x000000008a200000, 0x000000008a200000| Untracked 
| 163|0x000000008a300000, 0x000000008a300000, 0x000000008a400000|  0%| F|  |TAMS 0x000000008a300000, 0x000000008a300000| Untracked 
| 164|0x000000008a400000, 0x000000008a400000, 0x000000008a500000|  0%| F|  |TAMS 0x000000008a400000, 0x000000008a400000| Untracked 
| 165|0x000000008a500000, 0x000000008a500000, 0x000000008a600000|  0%| F|  |TAMS 0x000000008a500000, 0x000000008a500000| Untracked 
| 166|0x000000008a600000, 0x000000008a600000, 0x000000008a700000|  0%| F|  |TAMS 0x000000008a600000, 0x000000008a600000| Untracked 
| 167|0x000000008a700000, 0x000000008a700000, 0x000000008a800000|  0%| F|  |TAMS 0x000000008a700000, 0x000000008a700000| Untracked 
| 168|0x000000008a800000, 0x000000008a800000, 0x000000008a900000|  0%| F|  |TAMS 0x000000008a800000, 0x000000008a800000| Untracked 
| 169|0x000000008a900000, 0x000000008a900000, 0x000000008aa00000|  0%| F|  |TAMS 0x000000008a900000, 0x000000008a900000| Untracked 
| 170|0x000000008aa00000, 0x000000008aa00000, 0x000000008ab00000|  0%| F|  |TAMS 0x000000008aa00000, 0x000000008aa00000| Untracked 
| 171|0x000000008ab00000, 0x000000008ab00000, 0x000000008ac00000|  0%| F|  |TAMS 0x000000008ab00000, 0x000000008ab00000| Untracked 
| 172|0x000000008ac00000, 0x000000008ac00000, 0x000000008ad00000|  0%| F|  |TAMS 0x000000008ac00000, 0x000000008ac00000| Untracked 
| 173|0x000000008ad00000, 0x000000008ad00000, 0x000000008ae00000|  0%| F|  |TAMS 0x000000008ad00000, 0x000000008ad00000| Untracked 
| 174|0x000000008ae00000, 0x000000008ae00000, 0x000000008af00000|  0%| F|  |TAMS 0x000000008ae00000, 0x000000008ae00000| Untracked 
| 175|0x000000008af00000, 0x000000008af00000, 0x000000008b000000|  0%| F|  |TAMS 0x000000008af00000, 0x000000008af00000| Untracked 
| 176|0x000000008b000000, 0x000000008b000000, 0x000000008b100000|  0%| F|  |TAMS 0x000000008b000000, 0x000000008b000000| Untracked 
| 177|0x000000008b100000, 0x000000008b100000, 0x000000008b200000|  0%| F|  |TAMS 0x000000008b100000, 0x000000008b100000| Untracked 
| 178|0x000000008b200000, 0x000000008b200000, 0x000000008b300000|  0%| F|  |TAMS 0x000000008b200000, 0x000000008b200000| Untracked 
| 179|0x000000008b300000, 0x000000008b300000, 0x000000008b400000|  0%| F|  |TAMS 0x000000008b300000, 0x000000008b300000| Untracked 
| 180|0x000000008b400000, 0x000000008b500000, 0x000000008b500000|100%| E|  |TAMS 0x000000008b400000, 0x000000008b400000| Complete 
| 181|0x000000008b500000, 0x000000008b600000, 0x000000008b600000|100%| E|CS|TAMS 0x000000008b500000, 0x000000008b500000| Complete 
| 182|0x000000008b600000, 0x000000008b700000, 0x000000008b700000|100%| E|CS|TAMS 0x000000008b600000, 0x000000008b600000| Complete 
| 183|0x000000008b700000, 0x000000008b800000, 0x000000008b800000|100%| E|CS|TAMS 0x000000008b700000, 0x000000008b700000| Complete 
| 184|0x000000008b800000, 0x000000008b900000, 0x000000008b900000|100%| E|CS|TAMS 0x000000008b800000, 0x000000008b800000| Complete 
| 185|0x000000008b900000, 0x000000008ba00000, 0x000000008ba00000|100%| E|CS|TAMS 0x000000008b900000, 0x000000008b900000| Complete 
| 186|0x000000008ba00000, 0x000000008bb00000, 0x000000008bb00000|100%| E|CS|TAMS 0x000000008ba00000, 0x000000008ba00000| Complete 
| 187|0x000000008bb00000, 0x000000008bc00000, 0x000000008bc00000|100%| E|CS|TAMS 0x000000008bb00000, 0x000000008bb00000| Complete 
| 188|0x000000008bc00000, 0x000000008bd00000, 0x000000008bd00000|100%| E|CS|TAMS 0x000000008bc00000, 0x000000008bc00000| Complete 

Card table byte_map: [0x000001e9f59f0000,0x000001e9f5df0000] _byte_map_base: 0x000001e9f55f0000

Marking Bits (Prev, Next): (CMBitMap*) 0x000001e9eceb6200, (CMBitMap*) 0x000001e9eceb61c8
 Prev Bits: [0x000001e9f81f0000, 0x000001e9fa1f0000)
 Next Bits: [0x000001e9f61f0000, 0x000001e9f81f0000)

Polling page: 0x000001e9ec650000

Metaspace:

Usage:
  Non-class:     76.85 MB capacity,    75.20 MB ( 98%) used,     1.40 MB (  2%) free+waste,   252.81 KB ( <1%) overhead. 
      Class:     12.11 MB capacity,    11.15 MB ( 92%) used,   869.81 KB (  7%) free+waste,   119.25 KB ( <1%) overhead. 
       Both:     88.96 MB capacity,    86.35 MB ( 97%) used,     2.25 MB (  3%) free+waste,   372.06 KB ( <1%) overhead. 

Virtual space:
  Non-class space:       78.00 MB reserved,      77.08 MB ( 99%) committed 
      Class space:      504.00 MB reserved,      12.13 MB (  2%) committed 
             Both:      582.00 MB reserved,      89.20 MB ( 15%) committed 

Chunk freelists:
   Non-Class:  42.00 KB
       Class:  11.00 KB
        Both:  53.00 KB

MaxMetaspaceSize: 512.00 MB
CompressedClassSpaceSize: 504.00 MB
Initial GC threshold: 20.80 MB
Current GC threshold: 141.38 MB
CDS: off

CodeHeap 'non-profiled nmethods': size=120064Kb used=6200Kb max_used=6200Kb free=113863Kb
 bounds [0x000001e987ac0000, 0x000001e9880d0000, 0x000001e98f000000]
CodeHeap 'profiled nmethods': size=120000Kb used=21671Kb max_used=21671Kb free=98328Kb
 bounds [0x000001e980590000, 0x000001e981ac0000, 0x000001e987ac0000]
CodeHeap 'non-nmethods': size=5696Kb used=2390Kb max_used=2438Kb free=3306Kb
 bounds [0x000001e980000000, 0x000001e980280000, 0x000001e980590000]
 total_blobs=10629 nmethods=9724 adapters=817
 compilation: enabled
              stopped_count=0, restarted_count=0
 full_count=0

Compilation events (20 events):
Event: 239.147 Thread 0x000001e9fcede000 nmethod 9758 0x000001e981aaef10 code [0x000001e981aaf0c0, 0x000001e981aaf218]
Event: 239.166 Thread 0x000001e9fced9800 9759       4       org.objectweb.asm.ByteVector::encodeUtf8 (337 bytes)
Event: 239.179 Thread 0x000001e9fcede000 9760       3       com.google.common.collect.Ordering::from (23 bytes)
Event: 239.180 Thread 0x000001e9fcede000 nmethod 9760 0x000001e981aaf310 code [0x000001e981aaf520, 0x000001e981aafc48]
Event: 239.180 Thread 0x000001e9fcede000 9761       3       com.google.common.collect.ComparatorOrdering::<init> (16 bytes)
Event: 239.180 Thread 0x000001e9fcede000 nmethod 9761 0x000001e981aafe10 code [0x000001e981ab0000, 0x000001e981ab0468]
Event: 239.213 Thread 0x000001e9fced9800 nmethod 9759 0x000001e9880ccd10 code [0x000001e9880ccee0, 0x000001e9880cd9a8]
Event: 239.247 Thread 0x000001e9fcede000 9762       3       org.gradle.api.internal.DefaultDomainObjectCollection::all (119 bytes)
Event: 239.250 Thread 0x000001e9fcede000 nmethod 9762 0x000001e981ab0610 code [0x000001e981ab0960, 0x000001e981ab1e18]
Event: 239.251 Thread 0x000001e9fcede000 9764       3       org.gradle.tooling.internal.provider.runner.TestTaskExecutionTracker::started (100 bytes)
Event: 239.252 Thread 0x000001e9fcede000 nmethod 9764 0x000001e981ab2490 code [0x000001e981ab2740, 0x000001e981ab3368]
Event: 239.253 Thread 0x000001e9fcede000 9763       1       org.gradle.api.internal.artifacts.configurations.DefaultConfiguration::isCanBeResolved (5 bytes)
Event: 239.253 Thread 0x000001e9fcede000 nmethod 9763 0x000001e9880cdd90 code [0x000001e9880cdf40, 0x000001e9880cdff8]
Event: 239.253 Thread 0x000001e9fcede000 9765       1       org.gradle.api.internal.artifacts.configurations.DefaultConfiguration::access$1000 (5 bytes)
Event: 239.253 Thread 0x000001e9fcede000 nmethod 9765 0x000001e9880ce090 code [0x000001e9880ce240, 0x000001e9880ce2d8]
Event: 239.264 Thread 0x000001e9fcede000 9766       3       org.gradle.internal.instantiation.generator.DefaultInstantiationScheme::withServices (25 bytes)
Event: 239.264 Thread 0x000001e9fcede000 nmethod 9766 0x000001e981ab3710 code [0x000001e981ab38c0, 0x000001e981ab3a68]
Event: 239.277 Thread 0x000001e9fced9800 9767       4       org.objectweb.asm.Type::getType (122 bytes)
Event: 239.279 Thread 0x000001e9fcede000 9770       3       java.lang.Class::getDeclaredField (54 bytes)
Event: 239.282 Thread 0x000001e9fcede000 nmethod 9770 0x000001e981ab3b10 code [0x000001e981ab3dc0, 0x000001e981ab4858]

GC Heap History (20 events):
Event: 132.564 GC heap before
{Heap before GC invocations=44 (full 0):
 garbage-first heap   total 89088K, used 72053K [0x0000000080000000, 0x0000000100000000)
  region size 1024K, 19 young (19456K), 2 survivors (2048K)
 Metaspace       used 69737K, capacity 71962K, committed 72272K, reserved 579584K
  class space    used 9019K, capacity 9912K, committed 9984K, reserved 516096K
}
Event: 132.575 GC heap after
{Heap after GC invocations=45 (full 0):
 garbage-first heap   total 107520K, used 56864K [0x0000000080000000, 0x0000000100000000)
  region size 1024K, 3 young (3072K), 3 survivors (3072K)
 Metaspace       used 69737K, capacity 71962K, committed 72272K, reserved 579584K
  class space    used 9019K, capacity 9912K, committed 9984K, reserved 516096K
}
Event: 134.143 GC heap before
{Heap before GC invocations=45 (full 0):
 garbage-first heap   total 107520K, used 77344K [0x0000000080000000, 0x0000000100000000)
  region size 1024K, 24 young (24576K), 3 survivors (3072K)
 Metaspace       used 70476K, capacity 72691K, committed 72784K, reserved 579584K
  class space    used 9078K, capacity 9931K, committed 9984K, reserved 516096K
}
Event: 134.170 GC heap after
{Heap after GC invocations=46 (full 0):
 garbage-first heap   total 107520K, used 57912K [0x0000000080000000, 0x0000000100000000)
  region size 1024K, 1 young (1024K), 1 survivors (1024K)
 Metaspace       used 70476K, capacity 72691K, committed 72784K, reserved 579584K
  class space    used 9078K, capacity 9931K, committed 9984K, reserved 516096K
}
Event: 135.409 GC heap before
{Heap before GC invocations=47 (full 0):
 garbage-first heap   total 107520K, used 66104K [0x0000000080000000, 0x0000000100000000)
  region size 1024K, 9 young (9216K), 1 survivors (1024K)
 Metaspace       used 70506K, capacity 72745K, committed 73040K, reserved 579584K
  class space    used 9079K, capacity 9929K, committed 9984K, reserved 516096K
}
Event: 135.537 GC heap after
{Heap after GC invocations=48 (full 0):
 garbage-first heap   total 107520K, used 64222K [0x0000000080000000, 0x0000000100000000)
  region size 1024K, 3 young (3072K), 3 survivors (3072K)
 Metaspace       used 70506K, capacity 72745K, committed 73040K, reserved 579584K
  class space    used 9079K, capacity 9929K, committed 9984K, reserved 516096K
}
Event: 136.895 GC heap before
{Heap before GC invocations=49 (full 0):
 garbage-first heap   total 107520K, used 82654K [0x0000000080000000, 0x0000000100000000)
  region size 1024K, 19 young (19456K), 3 survivors (3072K)
 Metaspace       used 71645K, capacity 74038K, committed 74320K, reserved 581632K
  class space    used 9219K, capacity 10141K, committed 10240K, reserved 516096K
}
Event: 136.913 GC heap after
{Heap after GC invocations=50 (full 0):
 garbage-first heap   total 107520K, used 68032K [0x0000000080000000, 0x0000000100000000)
  region size 1024K, 2 young (2048K), 2 survivors (2048K)
 Metaspace       used 71645K, capacity 74038K, committed 74320K, reserved 581632K
  class space    used 9219K, capacity 10141K, committed 10240K, reserved 516096K
}
Event: 137.859 GC heap before
{Heap before GC invocations=50 (full 0):
 garbage-first heap   total 107520K, used 82368K [0x0000000080000000, 0x0000000100000000)
  region size 1024K, 17 young (17408K), 2 survivors (2048K)
 Metaspace       used 73654K, capacity 76083K, committed 76368K, reserved 583680K
  class space    used 9479K, capacity 10440K, committed 10496K, reserved 516096K
}
Event: 137.869 GC heap after
{Heap after GC invocations=51 (full 0):
 garbage-first heap   total 146432K, used 68629K [0x0000000080000000, 0x0000000100000000)
  region size 1024K, 3 young (3072K), 3 survivors (3072K)
 Metaspace       used 73654K, capacity 76083K, committed 76368K, reserved 583680K
  class space    used 9479K, capacity 10440K, committed 10496K, reserved 516096K
}
Event: 139.605 GC heap before
{Heap before GC invocations=52 (full 0):
 garbage-first heap   total 146432K, used 96277K [0x0000000080000000, 0x0000000100000000)
  region size 1024K, 31 young (31744K), 3 survivors (3072K)
 Metaspace       used 78040K, capacity 80502K, committed 80592K, reserved 587776K
  class space    used 9942K, capacity 10867K, committed 10880K, reserved 516096K
}
Event: 139.619 GC heap after
{Heap after GC invocations=53 (full 0):
 garbage-first heap   total 146432K, used 69562K [0x0000000080000000, 0x0000000100000000)
  region size 1024K, 2 young (2048K), 2 survivors (2048K)
 Metaspace       used 78040K, capacity 80502K, committed 80592K, reserved 587776K
  class space    used 9942K, capacity 10867K, committed 10880K, reserved 516096K
}
Event: 141.976 GC heap before
{Heap before GC invocations=53 (full 0):
 garbage-first heap   total 146432K, used 103354K [0x0000000080000000, 0x0000000100000000)
  region size 1024K, 36 young (36864K), 2 survivors (2048K)
 Metaspace       used 81832K, capacity 84286K, committed 84432K, reserved 589824K
  class space    used 10384K, capacity 11335K, committed 11392K, reserved 516096K
}
Event: 142.032 GC heap after
{Heap after GC invocations=54 (full 0):
 garbage-first heap   total 146432K, used 73304K [0x0000000080000000, 0x0000000100000000)
  region size 1024K, 5 young (5120K), 5 survivors (5120K)
 Metaspace       used 81832K, capacity 84286K, committed 84432K, reserved 589824K
  class space    used 10384K, capacity 11335K, committed 11392K, reserved 516096K
}
Event: 148.496 GC heap before
{Heap before GC invocations=55 (full 0):
 garbage-first heap   total 146432K, used 108120K [0x0000000080000000, 0x0000000100000000)
  region size 1024K, 38 young (38912K), 5 survivors (5120K)
 Metaspace       used 83482K, capacity 86016K, committed 86224K, reserved 591872K
  class space    used 10631K, capacity 11590K, committed 11648K, reserved 516096K
}
Event: 148.675 GC heap after
{Heap after GC invocations=56 (full 0):
 garbage-first heap   total 146432K, used 76360K [0x0000000080000000, 0x0000000100000000)
  region size 1024K, 3 young (3072K), 3 survivors (3072K)
 Metaspace       used 83482K, capacity 86016K, committed 86224K, reserved 591872K
  class space    used 10631K, capacity 11590K, committed 11648K, reserved 516096K
}
Event: 234.476 GC heap before
{Heap before GC invocations=56 (full 0):
 garbage-first heap   total 146432K, used 110152K [0x0000000080000000, 0x0000000100000000)
  region size 1024K, 36 young (36864K), 3 survivors (3072K)
 Metaspace       used 83962K, capacity 86683K, committed 86864K, reserved 591872K
  class space    used 10691K, capacity 11682K, committed 11776K, reserved 516096K
}
Event: 234.709 GC heap after
{Heap after GC invocations=57 (full 0):
 garbage-first heap   total 146432K, used 79739K [0x0000000080000000, 0x0000000100000000)
  region size 1024K, 4 young (4096K), 4 survivors (4096K)
 Metaspace       used 83962K, capacity 86683K, committed 86864K, reserved 591872K
  class space    used 10691K, capacity 11682K, committed 11776K, reserved 516096K
}
Event: 237.585 GC heap before
{Heap before GC invocations=58 (full 0):
 garbage-first heap   total 146432K, used 112507K [0x0000000080000000, 0x0000000100000000)
  region size 1024K, 36 young (36864K), 4 survivors (4096K)
 Metaspace       used 87450K, capacity 90088K, committed 90192K, reserved 595968K
  class space    used 11255K, capacity 12239K, committed 12288K, reserved 516096K
}
Event: 237.666 GC heap after
{Heap after GC invocations=59 (full 0):
 garbage-first heap   total 193536K, used 82070K [0x0000000080000000, 0x0000000100000000)
  region size 1024K, 3 young (3072K), 3 survivors (3072K)
 Metaspace       used 87450K, capacity 90088K, committed 90192K, reserved 595968K
  class space    used 11255K, capacity 12239K, committed 12288K, reserved 516096K
}

Deoptimization events (20 events):
Event: 150.427 Thread 0x000001e9fdc85000 DEOPT PACKING pc=0x000001e98127a670 sp=0x000000358d1f6d20
Event: 150.427 Thread 0x000001e9fdc85000 DEOPT UNPACKING pc=0x000001e980049d0e sp=0x000000358d1f6200 mode 0
Event: 150.621 Thread 0x000001e9fdc85000 Uncommon trap: trap_request=0xfffffff4 fr.pc=0x000001e987cb1a04 relative=0x0000000000000244
Event: 150.621 Thread 0x000001e9fdc85000 Uncommon trap: reason=null_check action=make_not_entrant pc=0x000001e987cb1a04 method=java.lang.ThreadLocal$ThreadLocalMap.getEntryAfterMiss(Ljava/lang/ThreadLocal;ILjava/lang/ThreadLocal$ThreadLocalMap$Entry;)Ljava/lang/ThreadLocal$ThreadLocalMap$Entry; 
Event: 150.621 Thread 0x000001e9fdc85000 DEOPT PACKING pc=0x000001e987cb1a04 sp=0x000000358d1f7750
Event: 150.621 Thread 0x000001e9fdc85000 DEOPT UNPACKING pc=0x000001e9800085af sp=0x000000358d1f7680 mode 2
Event: 234.865 Thread 0x000001e9fdc85000 Uncommon trap: trap_request=0xffffffde fr.pc=0x000001e987e406c0 relative=0x0000000000005a20
Event: 234.866 Thread 0x000001e9fdc85000 Uncommon trap: reason=class_check action=maybe_recompile pc=0x000001e987e406c0 method=java.lang.Class.createAnnotationData(I)Ljava/lang/Class$AnnotationData; @ 103 c2
Event: 234.867 Thread 0x000001e9fdc85000 DEOPT PACKING pc=0x000001e987e406c0 sp=0x000000358d1ef5c0
Event: 234.868 Thread 0x000001e9fdc85000 DEOPT UNPACKING pc=0x000001e9800085af sp=0x000000358d1ef5a0 mode 2
Event: 234.874 Thread 0x000001e9fdc85000 Uncommon trap: trap_request=0xffffffde fr.pc=0x000001e987e406c0 relative=0x0000000000005a20
Event: 234.874 Thread 0x000001e9fdc85000 Uncommon trap: reason=class_check action=maybe_recompile pc=0x000001e987e406c0 method=java.lang.Class.createAnnotationData(I)Ljava/lang/Class$AnnotationData; @ 103 c2
Event: 234.874 Thread 0x000001e9fdc85000 DEOPT PACKING pc=0x000001e987e406c0 sp=0x000000358d1ef740
Event: 234.874 Thread 0x000001e9fdc85000 DEOPT UNPACKING pc=0x000001e9800085af sp=0x000000358d1ef720 mode 2
Event: 235.700 Thread 0x000001e9fdc85000 Uncommon trap: trap_request=0xffffff4d fr.pc=0x000001e987f5a164 relative=0x0000000000000ac4
Event: 235.700 Thread 0x000001e9fdc85000 Uncommon trap: reason=unstable_if action=reinterpret pc=0x000001e987f5a164 method=java.util.TreeMap.put(Ljava/lang/Object;Ljava/lang/Object;)Ljava/lang/Object; @ 163 c2
Event: 235.701 Thread 0x000001e9fdc85000 DEOPT PACKING pc=0x000001e987f5a164 sp=0x000000358d1f91e0
Event: 235.702 Thread 0x000001e9fdc85000 DEOPT UNPACKING pc=0x000001e9800085af sp=0x000000358d1f91b8 mode 2
Event: 239.167 Thread 0x000001e9fdc85000 DEOPT PACKING pc=0x000001e9818e7450 sp=0x000000358d1f8ca0
Event: 239.167 Thread 0x000001e9fdc85000 DEOPT UNPACKING pc=0x000001e980049d0e sp=0x000000358d1f81b8 mode 0

Classes redefined (0 events):
No events

Internal exceptions (20 events):
Event: 151.278 Thread 0x000001e9fdc85000 Exception <a 'java/lang/ClassNotFoundException'{0x0000000087366930}: org/gradle/api/internal/AbstractValidatingNamedDomainObjectContainerBeanInfo> (0x0000000087366930) thrown at [./src/hotspot/share/classfile/systemDictionary.cpp, line 230]
Event: 151.279 Thread 0x000001e9fdc85000 Exception <a 'java/lang/ClassNotFoundException'{0x000000008739d4b8}: org/gradle/api/internal/AbstractValidatingNamedDomainObjectContainerCustomizer> (0x000000008739d4b8) thrown at [./src/hotspot/share/classfile/systemDictionary.cpp, line 230]
Event: 151.282 Thread 0x000001e9fdc85000 Exception <a 'java/lang/ClassNotFoundException'{0x00000000873ef920}: org/gradle/api/internal/artifacts/configurations/DefaultConfigurationContainerCustomizer> (0x00000000873ef920) thrown at [./src/hotspot/share/classfile/systemDictionary.cpp, line 230]
Event: 151.291 Thread 0x000001e9fdc85000 Exception <a 'java/lang/ClassNotFoundException'{0x000000008724efe8}: org/gradle/api/internal/artifacts/configurations/DefaultConfigurationContainer_DecoratedCustomizer> (0x000000008724efe8) thrown at [./src/hotspot/share/classfile/systemDictionary.cpp, line 230]
Event: 234.212 Thread 0x000001e9fdc85000 Exception <a 'java/lang/ClassNotFoundException'{0x0000000086e71010}: org/gradle/api/DefaultTask_DecoratedBeanInfo> (0x0000000086e71010) thrown at [./src/hotspot/share/classfile/systemDictionary.cpp, line 230]
Event: 234.221 Thread 0x000001e9fdc85000 Exception <a 'java/lang/ClassNotFoundException'{0x0000000086e9e5e0}: org/gradle/api/DefaultTask_DecoratedCustomizer> (0x0000000086e9e5e0) thrown at [./src/hotspot/share/classfile/systemDictionary.cpp, line 230]
Event: 234.751 Thread 0x000001e9fdc85000 Exception <a 'java/lang/ClassNotFoundException'{0x0000000088ed1fe8}: com/android/build/gradle/internal/api/DefaultAndroidSourceSet_DecoratedBeanInfo> (0x0000000088ed1fe8) thrown at [./src/hotspot/share/classfile/systemDictionary.cpp, line 230]
Event: 234.752 Thread 0x000001e9fdc85000 Exception <a 'java/lang/ClassNotFoundException'{0x0000000088eedec0}: com/android/build/gradle/internal/api/DefaultAndroidSourceSetBeanInfo> (0x0000000088eedec0) thrown at [./src/hotspot/share/classfile/systemDictionary.cpp, line 230]
Event: 234.753 Thread 0x000001e9fdc85000 Exception <a 'java/lang/ClassNotFoundException'{0x0000000088d0a458}: com/android/build/gradle/internal/api/DefaultAndroidSourceSetCustomizer> (0x0000000088d0a458) thrown at [./src/hotspot/share/classfile/systemDictionary.cpp, line 230]
Event: 234.762 Thread 0x000001e9fdc85000 Exception <a 'java/lang/ClassNotFoundException'{0x0000000088d7a1d8}: com/android/build/gradle/internal/api/DefaultAndroidSourceSet_DecoratedCustomizer> (0x0000000088d7a1d8) thrown at [./src/hotspot/share/classfile/systemDictionary.cpp, line 230]
Event: 234.790 Thread 0x000001e9fdc85000 Exception <a 'java/lang/ClassNotFoundException'{0x0000000088c25a58}: com/android/build/gradle/internal/api/DefaultAndroidSourceDirectorySetBeanInfo> (0x0000000088c25a58) thrown at [./src/hotspot/share/classfile/systemDictionary.cpp, line 230]
Event: 234.793 Thread 0x000001e9fdc85000 Exception <a 'java/lang/ClassNotFoundException'{0x0000000088c44030}: com/android/build/gradle/internal/api/DefaultAndroidSourceDirectorySetCustomizer> (0x0000000088c44030) thrown at [./src/hotspot/share/classfile/systemDictionary.cpp, line 230]
Event: 234.819 Thread 0x000001e9fdc85000 Exception <a 'java/lang/ClassNotFoundException'{0x0000000088b6cde0}: com/google/common/collect/SingletonImmutableSetBeanInfo> (0x0000000088b6cde0) thrown at [./src/hotspot/share/classfile/systemDictionary.cpp, line 230]
Event: 234.821 Thread 0x000001e9fdc85000 Exception <a 'java/lang/ClassNotFoundException'{0x0000000088b86b90}: com/google/common/collect/ImmutableSetBeanInfo> (0x0000000088b86b90) thrown at [./src/hotspot/share/classfile/systemDictionary.cpp, line 230]
Event: 234.821 Thread 0x000001e9fdc85000 Exception <a 'java/lang/ClassNotFoundException'{0x0000000088ba1790}: com/google/common/collect/ImmutableCollectionBeanInfo> (0x0000000088ba1790) thrown at [./src/hotspot/share/classfile/systemDictionary.cpp, line 230]
Event: 234.822 Thread 0x000001e9fdc85000 Exception <a 'java/lang/ClassNotFoundException'{0x0000000088bbc5a0}: com/google/common/collect/ImmutableCollectionCustomizer> (0x0000000088bbc5a0) thrown at [./src/hotspot/share/classfile/systemDictionary.cpp, line 230]
Event: 234.864 Thread 0x000001e9fdc85000 Exception <a 'java/lang/ClassNotFoundException'{0x0000000088a171c8}: com/google/common/collect/ImmutableSetCustomizer> (0x0000000088a171c8) thrown at [./src/hotspot/share/classfile/systemDictionary.cpp, line 230]
Event: 234.874 Thread 0x000001e9fdc85000 Exception <a 'java/lang/ClassNotFoundException'{0x0000000088a49708}: com/google/common/collect/SingletonImmutableSetCustomizer> (0x0000000088a49708) thrown at [./src/hotspot/share/classfile/systemDictionary.cpp, line 230]
Event: 235.143 Thread 0x000001e9fdc85000 Exception <a 'java/lang/ClassNotFoundException'{0x0000000088aebc78}: fonts_53fhka7kmjvp53pytypbbd8e4BeanInfo> (0x0000000088aebc78) thrown at [./src/hotspot/share/classfile/systemDictionary.cpp, line 230]
Event: 235.144 Thread 0x000001e9fdc85000 Exception <a 'java/lang/ClassNotFoundException'{0x0000000088af89a8}: fonts_53fhka7kmjvp53pytypbbd8e4Customizer> (0x0000000088af89a8) thrown at [./src/hotspot/share/classfile/systemDictionary.cpp, line 230]

Events (20 events):
Event: 239.240 loading class org/gradle/internal/rules/NoInputsRuleAction
Event: 239.240 loading class org/gradle/internal/rules/NoInputsRuleAction done
Event: 239.243 loading class org/gradle/api/internal/artifacts/dsl/ActionBasedMetadataRuleWrapper
Event: 239.243 loading class org/gradle/api/internal/artifacts/dsl/ActionBasedMetadataRuleWrapper done
Event: 239.246 loading class com/android/build/gradle/internal/dependency/AndroidXDependencySubstitution$replaceOldSupportLibraries$2
Event: 239.246 loading class com/android/build/gradle/internal/dependency/AndroidXDependencySubstitution$replaceOldSupportLibraries$2 done
Event: 239.247 loading class com/android/build/gradle/internal/dependency/AndroidXDependencySubstitution$replaceOldSupportLibraries$2$1
Event: 239.247 loading class com/android/build/gradle/internal/dependency/AndroidXDependencySubstitution$replaceOldSupportLibraries$2$1 done
Event: 239.250 loading class com/android/build/gradle/internal/dependency/JetifyTransform
Event: 239.250 loading class com/android/build/gradle/internal/dependency/JetifyTransform done
Event: 239.257 loading class com/android/build/gradle/internal/DependencyConfigurator$configureGeneralTransforms$1
Event: 239.257 loading class com/android/build/gradle/internal/DependencyConfigurator$configureGeneralTransforms$1 done
Event: 239.259 loading class com/android/build/gradle/internal/DependencyConfigurator$registerTransform$1
Event: 239.259 loading class com/android/build/gradle/internal/DependencyConfigurator$registerTransform$1 done
Event: 239.262 loading class com/android/build/gradle/internal/dependency/JetifyTransform$Parameters
Event: 239.262 loading class com/android/build/gradle/internal/dependency/JetifyTransform$Parameters done
Event: 239.294 loading class com/android/build/gradle/internal/utils/HasConfigurableValuesKt
Event: 239.294 loading class com/android/build/gradle/internal/utils/HasConfigurableValuesKt done
Event: 239.328 loading class org/gradle/api/artifacts/transform/CacheableTransform
Event: 239.328 loading class org/gradle/api/artifacts/transform/CacheableTransform done


Dynamic libraries:
0x00007ff74cef0000 - 0x00007ff74cefd000 	C:\Program Files\Microsoft\jdk-11.0.18.10-hotspot\bin\java.exe
0x00007ff993030000 - 0x00007ff993228000 	C:\Windows\SYSTEM32\ntdll.dll
0x00007ff98d8f0000 - 0x00007ff98d907000 	C:\Program Files\Avast Software\Avast\aswhook.dll
0x00007ff991390000 - 0x00007ff99144f000 	C:\Windows\System32\KERNEL32.DLL
0x00007ff990d90000 - 0x00007ff991062000 	C:\Windows\System32\KERNELBASE.dll
0x00007ff9907c0000 - 0x00007ff9908c0000 	C:\Windows\System32\ucrtbase.dll
0x00007ff971aa0000 - 0x00007ff971ab5000 	C:\Program Files\Microsoft\jdk-11.0.18.10-hotspot\bin\VCRUNTIME140.dll
0x00007ff9733f0000 - 0x00007ff973407000 	C:\Program Files\Microsoft\jdk-11.0.18.10-hotspot\bin\jli.dll
0x00007ff991900000 - 0x00007ff991aa1000 	C:\Windows\System32\USER32.dll
0x00007ff990b70000 - 0x00007ff990b92000 	C:\Windows\System32\win32u.dll
0x00007ff97dec0000 - 0x00007ff97e15a000 	C:\Windows\WinSxS\amd64_microsoft.windows.common-controls_6595b64144ccf1df_6.0.19041.1110_none_60b5254171f9507e\COMCTL32.dll
0x00007ff9911f0000 - 0x00007ff99121b000 	C:\Windows\System32\GDI32.dll
0x00007ff990a10000 - 0x00007ff990b1f000 	C:\Windows\System32\gdi32full.dll
0x00007ff990720000 - 0x00007ff9907bd000 	C:\Windows\System32\msvcp_win.dll
0x00007ff991de0000 - 0x00007ff991e7e000 	C:\Windows\System32\msvcrt.dll
0x00007ff9911b0000 - 0x00007ff9911e2000 	C:\Windows\System32\IMM32.DLL
0x00007ff95f200000 - 0x00007ff95f29b000 	C:\Program Files\Microsoft\jdk-11.0.18.10-hotspot\bin\msvcp140.dll
0x00007ff943a30000 - 0x00007ff9445c2000 	C:\Program Files\Microsoft\jdk-11.0.18.10-hotspot\bin\server\jvm.dll
0x00007ff992790000 - 0x00007ff99283e000 	C:\Windows\System32\ADVAPI32.dll
0x00007ff991290000 - 0x00007ff99132c000 	C:\Windows\System32\sechost.dll
0x00007ff9929f0000 - 0x00007ff992b15000 	C:\Windows\System32\RPCRT4.dll
0x00007ff991e80000 - 0x00007ff991e88000 	C:\Windows\System32\PSAPI.DLL
0x00007ff98d910000 - 0x00007ff98d919000 	C:\Windows\SYSTEM32\WSOCK32.dll
0x00007ff991b60000 - 0x00007ff991bcb000 	C:\Windows\System32\WS2_32.dll
0x00007ff972ba0000 - 0x00007ff972bc7000 	C:\Windows\SYSTEM32\WINMM.dll
0x00007ff988950000 - 0x00007ff98895a000 	C:\Windows\SYSTEM32\VERSION.dll
0x00007ff98ef70000 - 0x00007ff98ef82000 	C:\Windows\SYSTEM32\kernel.appcore.dll
0x00007ff97f720000 - 0x00007ff97f730000 	C:\Program Files\Microsoft\jdk-11.0.18.10-hotspot\bin\verify.dll
0x00007ff98e4d0000 - 0x00007ff98e6b4000 	C:\Windows\SYSTEM32\DBGHELP.DLL
0x00007ff975c40000 - 0x00007ff975c75000 	C:\Windows\SYSTEM32\dbgcore.DLL
0x00007ff990d00000 - 0x00007ff990d82000 	C:\Windows\System32\bcryptPrimitives.dll
0x00007ff96e2b0000 - 0x00007ff96e2d8000 	C:\Program Files\Microsoft\jdk-11.0.18.10-hotspot\bin\java.dll
0x00007ff97f470000 - 0x00007ff97f47a000 	C:\Program Files\Microsoft\jdk-11.0.18.10-hotspot\bin\jimage.dll
0x00007ff9716e0000 - 0x00007ff9716f8000 	C:\Program Files\Microsoft\jdk-11.0.18.10-hotspot\bin\zip.dll
0x00007ff991e90000 - 0x00007ff9925d5000 	C:\Windows\System32\SHELL32.dll
0x00007ff98e6c0000 - 0x00007ff98ee52000 	C:\Windows\SYSTEM32\windows.storage.dll
0x00007ff991580000 - 0x00007ff9918d5000 	C:\Windows\System32\combase.dll
0x00007ff9900a0000 - 0x00007ff9900d0000 	C:\Windows\SYSTEM32\Wldp.dll
0x00007ff991ab0000 - 0x00007ff991b5d000 	C:\Windows\System32\SHCORE.dll
0x00007ff991070000 - 0x00007ff9910c5000 	C:\Windows\System32\shlwapi.dll
0x00007ff990660000 - 0x00007ff99067f000 	C:\Windows\SYSTEM32\profapi.dll
0x00007ff9704e0000 - 0x00007ff9704f9000 	C:\Program Files\Microsoft\jdk-11.0.18.10-hotspot\bin\net.dll
0x00007ff9853a0000 - 0x00007ff9854ac000 	C:\Windows\SYSTEM32\WINHTTP.dll
0x00007ff98fe00000 - 0x00007ff98fe6a000 	C:\Windows\system32\mswsock.dll
0x00007ff970040000 - 0x00007ff970053000 	C:\Program Files\Microsoft\jdk-11.0.18.10-hotspot\bin\nio.dll
0x00007ff96e370000 - 0x00007ff96e397000 	C:\Users\user\.gradle\native\e1d6ef7f7dcc3fd88c89a11ec53ec762bb8ba0a96d01ffa2cd45eb1d1d8dd5c5\windows-amd64\native-platform.dll
0x00007ff9586b0000 - 0x00007ff9587f4000 	C:\Users\user\.gradle\native\5664cfc778a61ccfe75a443a1ab52a65af34e5dc3c78e0209fed803814484fcb\windows-amd64\native-platform-file-events.dll
0x00007ff97f370000 - 0x00007ff97f379000 	C:\Program Files\Microsoft\jdk-11.0.18.10-hotspot\bin\management.dll
0x00007ff97f170000 - 0x00007ff97f17b000 	C:\Program Files\Microsoft\jdk-11.0.18.10-hotspot\bin\management_ext.dll
0x00007ff98fff0000 - 0x00007ff990008000 	C:\Windows\SYSTEM32\CRYPTSP.dll
0x00007ff98f720000 - 0x00007ff98f754000 	C:\Windows\system32\rsaenh.dll
0x00007ff9908c0000 - 0x00007ff9908e7000 	C:\Windows\System32\bcrypt.dll
0x00007ff9905e0000 - 0x00007ff99060e000 	C:\Windows\SYSTEM32\USERENV.dll
0x00007ff990010000 - 0x00007ff99001c000 	C:\Windows\SYSTEM32\CRYPTBASE.dll
0x00007ff98faf0000 - 0x00007ff98fb2b000 	C:\Windows\SYSTEM32\IPHLPAPI.DLL
0x00007ff991220000 - 0x00007ff991228000 	C:\Windows\System32\NSI.dll
0x00007ff985ed0000 - 0x00007ff985ee7000 	C:\Windows\SYSTEM32\dhcpcsvc6.DLL
0x00007ff9871c0000 - 0x00007ff9871dd000 	C:\Windows\SYSTEM32\dhcpcsvc.DLL
0x00007ff98fb30000 - 0x00007ff98fbfb000 	C:\Windows\SYSTEM32\DNSAPI.dll

dbghelp: loaded successfully - version: 4.0.5 - missing functions: none
symbol engine: initialized successfully - sym options: 0x614 - pdb path: .;C:\Program Files\Microsoft\jdk-11.0.18.10-hotspot\bin;C:\Windows\SYSTEM32;C:\Program Files\Avast Software\Avast;C:\Windows\WinSxS\amd64_microsoft.windows.common-controls_6595b64144ccf1df_6.0.19041.1110_none_60b5254171f9507e;C:\Program Files\Microsoft\jdk-11.0.18.10-hotspot\bin\server;C:\Users\user\.gradle\native\e1d6ef7f7dcc3fd88c89a11ec53ec762bb8ba0a96d01ffa2cd45eb1d1d8dd5c5\windows-amd64;C:\Users\user\.gradle\native\5664cfc778a61ccfe75a443a1ab52a65af34e5dc3c78e0209fed803814484fcb\windows-amd64

VM Arguments:
jvm_args: -XX:MaxMetaspaceSize=512m --add-opens=java.base/java.util=ALL-UNNAMED --add-opens=java.base/java.lang=ALL-UNNAMED --add-opens=java.base/java.lang.invoke=ALL-UNNAMED --add-opens=java.base/java.util=ALL-UNNAMED --add-opens=java.prefs/java.util.prefs=ALL-UNNAMED --add-opens=java.prefs/java.util.prefs=ALL-UNNAMED --add-opens=java.base/java.nio.charset=ALL-UNNAMED --add-opens=java.base/java.net=ALL-UNNAMED --add-opens=java.base/java.util.concurrent.atomic=ALL-UNNAMED -Xmx2048m -Dfile.encoding=utf8 -Duser.country=US -Duser.language=en -Duser.variant 
java_command: org.gradle.launcher.daemon.bootstrap.GradleDaemon 7.3.3
java_class_path (initial): C:\Users\user\.gradle\wrapper\dists\gradle-7.3.3-all\4295vidhdd9hd3gbjyw1xqxpo\gradle-7.3.3\lib\gradle-launcher-7.3.3.jar
Launcher Type: SUN_STANDARD

[Global flags]
     intx CICompilerCount                          = 3                                         {product} {ergonomic}
   size_t CompressedClassSpaceSize                 = 528482304                                 {product} {ergonomic}
     uint ConcGCThreads                            = 1                                         {product} {ergonomic}
     uint G1ConcRefinementThreads                  = 4                                         {product} {ergonomic}
   size_t G1HeapRegionSize                         = 1048576                                   {product} {ergonomic}
    uintx GCDrainStackTargetSize                   = 64                                        {product} {ergonomic}
   size_t InitialHeapSize                          = 62914560                                  {product} {ergonomic}
   size_t MarkStackSize                            = 4194304                                   {product} {ergonomic}
   size_t MaxHeapSize                              = 2147483648                                {product} {command line}
   size_t MaxMetaspaceSize                         = 536870912                                 {product} {command line}
   size_t MaxNewSize                               = 1287651328                                {product} {ergonomic}
   size_t MinHeapDeltaBytes                        = 1048576                                   {product} {ergonomic}
    uintx NonNMethodCodeHeapSize                   = 5830732                                {pd product} {ergonomic}
    uintx NonProfiledCodeHeapSize                  = 122913754                              {pd product} {ergonomic}
    uintx ProfiledCodeHeapSize                     = 122913754                              {pd product} {ergonomic}
    uintx ReservedCodeCacheSize                    = 251658240                              {pd product} {ergonomic}
     bool SegmentedCodeCache                       = true                                      {product} {ergonomic}
     bool UseCompressedClassPointers               = true                                 {lp64_product} {ergonomic}
     bool UseCompressedOops                        = true                                 {lp64_product} {ergonomic}
     bool UseG1GC                                  = true                                      {product} {ergonomic}
     bool UseLargePagesIndividualAllocation        = false                                  {pd product} {ergonomic}

Logging:
Log output configuration:
 #0: stdout all=warning uptime,level,tags
 #1: stderr all=off uptime,level,tags

Environment Variables:
JAVA_HOME=C:\Program Files\Microsoft\jdk-11.0.18.10-hotspot\
PATH=C:\Program Files\Common Files\Oracle\Java\javapath;C:\Program Files\Eclipse Adoptium\jdk-11.0.18.10-hotspot\bin;C:\Program Files\Microsoft\jdk-11.0.18.10-hotspot\bin;C:\Program Files (x86)\Common Files\Oracle\Java\javapath;C:\Windows\system32;C:\Windows;C:\Windows\System32\Wbem;C:\Windows\System32\WindowsPowerShell\v1.0\;C:\Windows\System32\OpenSSH\;C:\Program Files\Microsoft\Web Platform Installer\;C:\Program Files (x86)\Microsoft ASP.NET\ASP.NET Web Pages\v1.0\;C:\Program Files (x86)\Windows Kits\8.0\Windows Performance Toolkit\;C:\Program Files\Microsoft SQL Server\110\Tools\Binn\;C:\xamppp\php;C:\xampp\php;C:\Program Files\Git\cmd;C:\composer;C:\ProgramData\chocolatey\bin;C:\Users\user\AppData\Local\Android\Sdk\platform-tools;C:\Program Files\nodejs\;C:\Users\user\AppData\Local\Android\Sdk\tools;C:\Users\user\AppData\Local\Microsoft\WindowsApps;;C:\Users\user\AppData\Local\Programs\Microsoft VS Code\bin;C:\Users\user\AppData\Roaming\Composer\vendor\bin;C:\Users\user\AppData\Roaming\npm
USERNAME=user
OS=Windows_NT
PROCESSOR_IDENTIFIER=Intel64 Family 6 Model 126 Stepping 5, GenuineIntel
TMP=C:\Users\user\AppData\Local\Temp
TEMP=C:\Users\user\AppData\Local\Temp



---------------  S Y S T E M  ---------------

OS: Windows 10 , 64 bit Build 19041 (10.0.19041.2546)
OS uptime: 24 days 19:33 hours

CPU:total 4 (initial active 4) (2 cores per cpu, 2 threads per core) family 6 model 126 stepping 5 microcode 0xa0, cmov, cx8, fxsr, mmx, sse, sse2, sse3, ssse3, sse4.1, sse4.2, popcnt, avx, avx2, aes, clmul, erms, 3dnowpref, lzcnt, ht, tsc, tscinvbit, bmi1, bmi2, adx, evex, sha, fma

Memory: 4k page, system-wide physical 3836M (15M free)
TotalPageFile size 15612M (AvailPageFile size 4M)
current process WorkingSet (physical memory assigned to process): 189M, peak: 269M
current process commit charge ("private bytes"): 445M, peak: 459M

vm_info: OpenJDK 64-Bit Server VM (11.0.18+10-LTS) for windows-amd64 JRE (11.0.18+10-LTS), built on Jan 18 2023 15:56:47 by "MicrosoftCorporation" with MS VC++ 15.9 (VS2017)

END.
