#
# There is insufficient memory for the Java Runtime Environment to continue.
# Native memory allocation (mmap) failed to map 65536 bytes for Failed to commit area from 0x0000012f2a2e0000 to 0x0000012f2a2f0000 of length 65536.
# Possible reasons:
#   The system is out of physical RAM or swap space
#   The process is running with CompressedOops enabled, and the Java Heap may be blocking the growth of the native heap
# Possible solutions:
#   Reduce memory load on the system
#   Increase physical memory or swap space
#   Check if swap backing store is full
#   Decrease Java heap size (-Xmx/-Xms)
#   Decrease number of Java threads
#   Decrease Java thread stack sizes (-Xss)
#   Set larger code cache with -XX:ReservedCodeCacheSize=
# This output file may be truncated or incomplete.
#
#  Out of Memory Error (./src/hotspot/os/windows/os_windows.cpp:3386), pid=36052, tid=10632
#
# JRE version:  (11.0.18+10) (build )
# Java VM: OpenJDK 64-Bit Server VM (11.0.18+10-LTS, mixed mode, sharing, tiered, compressed oops, g1 gc, windows-amd64)
# No core dump will be written. Minidumps are not enabled by default on client versions of Windows
#

---------------  S U M M A R Y ------------

Command Line: -Xmx64m -Xms64m -Dorg.gradle.appname=gradlew org.gradle.wrapper.GradleWrapperMain build -x lint

Host: Intel(R) Core(TM) i3-1005G1 CPU @ 1.20GHz, 4 cores, 3G,  Windows 10 , 64 bit Build 19041 (10.0.19041.2546)
Time: Wed Mar 22 15:29:06 2023 SE Asia Standard Time elapsed time: 0.214996 seconds (0d 0h 0m 0s)

---------------  T H R E A D  ---------------

Current thread (0x0000012f2a478000):  JavaThread "Unknown thread" [_thread_in_vm, id=10632, stack(0x0000000a82900000,0x0000000a82a00000)]

Stack: [0x0000000a82900000,0x0000000a82a00000]
Native frames: (J=compiled Java code, j=interpreted, Vv=VM code, C=native code)
V  [jvm.dll+0x62bf8a]
V  [jvm.dll+0x7b8fb9]
V  [jvm.dll+0x7ba6a8]
V  [jvm.dll+0x7bad83]
V  [jvm.dll+0x250248]
V  [jvm.dll+0x62929a]
V  [jvm.dll+0x61d855]
V  [jvm.dll+0x30c32c]
V  [jvm.dll+0x30c1b2]
V  [jvm.dll+0x310fe0]
V  [jvm.dll+0x356f6e]
V  [jvm.dll+0x356940]
V  [jvm.dll+0x2e9348]
V  [jvm.dll+0x2ea4a6]
V  [jvm.dll+0x792e07]
V  [jvm.dll+0x79458f]
V  [jvm.dll+0x363c69]
V  [jvm.dll+0x775d70]
V  [jvm.dll+0x3d297f]
V  [jvm.dll+0x3d4d11]
C  [jli.dll+0x5207]
C  [ucrtbase.dll+0x21bb2]
C  [KERNEL32.DLL+0x17614]
C  [ntdll.dll+0x526a1]


---------------  P R O C E S S  ---------------

Threads class SMR info:
_java_thread_list=0x0000012f282af420, length=0, elements={
}

Java Threads: ( => current thread )

Other Threads:
  0x0000012f2a490800 GCTaskThread "GC Thread#0" [stack: 0x0000000a82a00000,0x0000000a82b00000] [id=22720]
  0x0000012f2a497000 ConcurrentGCThread "G1 Main Marker" [stack: 0x0000000a82b00000,0x0000000a82c00000] [id=38548]
  0x0000012f2a498800 ConcurrentGCThread "G1 Conc#0" [stack: 0x0000000a82c00000,0x0000000a82d00000] [id=48468]

[error occurred during error reporting (printing all threads), id 0xc0000005, EXCEPTION_ACCESS_VIOLATION (0xc0000005) at pc=0x00007ff91e328b17]

VM state:not at safepoint (not fully initialized)

VM Mutex/Monitor currently owned by a thread:  ([mutex/lock_event])
[0x0000012f2a474c60] Heap_lock - owner thread: 0x0000012f2a478000

Heap address: 0x00000000fc000000, size: 64 MB, Compressed Oops mode: Non-zero based: 0x00000000fc000000
Narrow klass base: 0x0000000000000000, Narrow klass shift: 0

GC Heap History (0 events):
No events

Deoptimization events (0 events):
No events

Classes redefined (0 events):
No events

Internal exceptions (0 events):
No events

Events (1 events):
Event: 0.151 Loaded shared library C:\Program Files\Microsoft\jdk-11.0.18.10-hotspot\bin\zip.dll


Dynamic libraries:
0x00007ff6a1100000 - 0x00007ff6a110d000 	C:\Program Files\Microsoft\jdk-11.0.18.10-hotspot\bin\java.exe
0x00007ff993030000 - 0x00007ff993228000 	C:\Windows\SYSTEM32\ntdll.dll
0x00007ff98d8f0000 - 0x00007ff98d907000 	C:\Program Files\Avast Software\Avast\aswhook.dll
0x00007ff991390000 - 0x00007ff99144f000 	C:\Windows\System32\KERNEL32.DLL
0x00007ff990d90000 - 0x00007ff991062000 	C:\Windows\System32\KERNELBASE.dll
0x00007ff9907c0000 - 0x00007ff9908c0000 	C:\Windows\System32\ucrtbase.dll
0x00007ff959000000 - 0x00007ff959015000 	C:\Program Files\Microsoft\jdk-11.0.18.10-hotspot\bin\VCRUNTIME140.dll
0x00007ff95baf0000 - 0x00007ff95bb07000 	C:\Program Files\Microsoft\jdk-11.0.18.10-hotspot\bin\jli.dll
0x00007ff991900000 - 0x00007ff991aa1000 	C:\Windows\System32\USER32.dll
0x00007ff990b70000 - 0x00007ff990b92000 	C:\Windows\System32\win32u.dll
0x00007ff9911f0000 - 0x00007ff99121b000 	C:\Windows\System32\GDI32.dll
0x00007ff990a10000 - 0x00007ff990b1f000 	C:\Windows\System32\gdi32full.dll
0x00007ff990720000 - 0x00007ff9907bd000 	C:\Windows\System32\msvcp_win.dll
0x00007ff97dec0000 - 0x00007ff97e15a000 	C:\Windows\WinSxS\amd64_microsoft.windows.common-controls_6595b64144ccf1df_6.0.19041.1110_none_60b5254171f9507e\COMCTL32.dll
0x00007ff991de0000 - 0x00007ff991e7e000 	C:\Windows\System32\msvcrt.dll
0x00007ff9911b0000 - 0x00007ff9911e2000 	C:\Windows\System32\IMM32.DLL
0x00007ff949ff0000 - 0x00007ff94a08b000 	C:\Program Files\Microsoft\jdk-11.0.18.10-hotspot\bin\msvcp140.dll
0x00007ff91e030000 - 0x00007ff91ebc2000 	C:\Program Files\Microsoft\jdk-11.0.18.10-hotspot\bin\server\jvm.dll
0x00007ff992790000 - 0x00007ff99283e000 	C:\Windows\System32\ADVAPI32.dll
0x00007ff991290000 - 0x00007ff99132c000 	C:\Windows\System32\sechost.dll
0x00007ff9929f0000 - 0x00007ff992b15000 	C:\Windows\System32\RPCRT4.dll
0x00007ff991e80000 - 0x00007ff991e88000 	C:\Windows\System32\PSAPI.DLL
0x00007ff988950000 - 0x00007ff98895a000 	C:\Windows\SYSTEM32\VERSION.dll
0x00007ff972ba0000 - 0x00007ff972bc7000 	C:\Windows\SYSTEM32\WINMM.dll
0x00007ff98d910000 - 0x00007ff98d919000 	C:\Windows\SYSTEM32\WSOCK32.dll
0x00007ff991b60000 - 0x00007ff991bcb000 	C:\Windows\System32\WS2_32.dll
0x00007ff98ef70000 - 0x00007ff98ef82000 	C:\Windows\SYSTEM32\kernel.appcore.dll
0x00007ff96f940000 - 0x00007ff96f950000 	C:\Program Files\Microsoft\jdk-11.0.18.10-hotspot\bin\verify.dll
0x00007ff98e4d0000 - 0x00007ff98e6b4000 	C:\Windows\SYSTEM32\DBGHELP.DLL
0x00007ff975c40000 - 0x00007ff975c75000 	C:\Windows\SYSTEM32\dbgcore.DLL
0x00007ff990d00000 - 0x00007ff990d82000 	C:\Windows\System32\bcryptPrimitives.dll
0x00007ff954f00000 - 0x00007ff954f28000 	C:\Program Files\Microsoft\jdk-11.0.18.10-hotspot\bin\java.dll
0x00007ff96e1b0000 - 0x00007ff96e1ba000 	C:\Program Files\Microsoft\jdk-11.0.18.10-hotspot\bin\jimage.dll
0x00007ff955b80000 - 0x00007ff955b98000 	C:\Program Files\Microsoft\jdk-11.0.18.10-hotspot\bin\zip.dll

dbghelp: loaded successfully - version: 4.0.5 - missing functions: none
symbol engine: initialized successfully - sym options: 0x614 - pdb path: .;C:\Program Files\Microsoft\jdk-11.0.18.10-hotspot\bin;C:\Windows\SYSTEM32;C:\Program Files\Avast Software\Avast;C:\Windows\WinSxS\amd64_microsoft.windows.common-controls_6595b64144ccf1df_6.0.19041.1110_none_60b5254171f9507e;C:\Program Files\Microsoft\jdk-11.0.18.10-hotspot\bin\server

VM Arguments:
jvm_args: -Xmx64m -Xms64m -Dorg.gradle.appname=gradlew 
java_command: org.gradle.wrapper.GradleWrapperMain build -x lint
java_class_path (initial): C:\Android\TokoBatu\android\\gradle\wrapper\gradle-wrapper.jar
Launcher Type: SUN_STANDARD

[Global flags]
     intx CICompilerCount                          = 3                                         {product} {ergonomic}
     uint ConcGCThreads                            = 1                                         {product} {ergonomic}
     uint G1ConcRefinementThreads                  = 4                                         {product} {ergonomic}
   size_t G1HeapRegionSize                         = 1048576                                   {product} {ergonomic}
    uintx GCDrainStackTargetSize                   = 64                                        {product} {ergonomic}
   size_t InitialHeapSize                          = 67108864                                  {product} {command line}
   size_t MarkStackSize                            = 4194304                                   {product} {ergonomic}
   size_t MaxHeapSize                              = 67108864                                  {product} {command line}
   size_t MinHeapDeltaBytes                        = 1048576                                   {product} {ergonomic}
    uintx NonNMethodCodeHeapSize                   = 5830732                                {pd product} {ergonomic}
    uintx NonProfiledCodeHeapSize                  = 122913754                              {pd product} {ergonomic}
    uintx ProfiledCodeHeapSize                     = 122913754                              {pd product} {ergonomic}
    uintx ReservedCodeCacheSize                    = 251658240                              {pd product} {ergonomic}
     bool SegmentedCodeCache                       = true                                      {product} {ergonomic}
     bool UseCompressedClassPointers               = true                                 {lp64_product} {ergonomic}
     bool UseCompressedOops                        = true                                 {lp64_product} {ergonomic}
     bool UseG1GC                                  = true                                      {product} {ergonomic}
     bool UseLargePagesIndividualAllocation        = false                                  {pd product} {ergonomic}

Logging:
Log output configuration:
 #0: stdout all=warning uptime,level,tags
 #1: stderr all=off uptime,level,tags

Environment Variables:
JAVA_HOME=C:\Program Files\Microsoft\jdk-11.0.18.10-hotspot\
CLASSPATH=C:\Android\TokoBatu\android\\gradle\wrapper\gradle-wrapper.jar
PATH=C:\Android\TokoBatu\android\node_modules\.bin;C:\Android\TokoBatu\node_modules\.bin;C:\Android\node_modules\.bin;C:\node_modules\.bin;C:\Program Files\nodejs;C:\Users\user\AppData\Local\Temp\yarn--1679473675928-0.7843264573654605;C:\Android\TokoBatu\node_modules\.bin;C:\Users\user\AppData\Local\Yarn\Data\link\node_modules\.bin;C:\Users\user\AppData\Local\Yarn\bin;C:\Program Files\libexec\lib\node_modules\npm\bin\node-gyp-bin;C:\Program Files\lib\node_modules\npm\bin\node-gyp-bin;C:\Program Files\nodejs\node_modules\npm\bin\node-gyp-bin;C:\Program Files\Common Files\Oracle\Java\javapath;C:\Program Files\Eclipse Adoptium\jdk-11.0.18.10-hotspot\bin;C:\Program Files\Microsoft\jdk-11.0.18.10-hotspot\bin;C:\Program Files (x86)\Common Files\Oracle\Java\javapath;C:\Windows\system32;C:\Windows;C:\Windows\System32\Wbem;C:\Windows\System32\WindowsPowerShell\v1.0\;C:\Windows\System32\OpenSSH\;C:\Program Files\Microsoft\Web Platform Installer\;C:\Program Files (x86)\Microsoft ASP.NET\ASP.NET Web Pages\v1.0\;C:\Program Files (x86)\Windows Kits\8.0\Windows Performance Toolkit\;C:\Program Files\Microsoft SQL Server\110\Tools\Binn\;C:\xamppp\php;C:\xampp\php;C:\Program Files\Git\cmd;C:\composer;C:\ProgramData\chocolatey\bin;C:\Users\user\AppData\Local\Android\Sdk\platform-tools;C:\Program Files\nodejs\;C:\Users\user\AppData\Local\Android\Sdk\tools;C:\Users\user\AppData\Local\Microsoft\WindowsApps;;C:\Users\user\AppData\Local\Programs\Microsoft VS Code\bin;C:\Users\user\AppData\Roaming\Composer\vendor\bin;C:\Users\user\AppData\Roaming\npm
USERNAME=user
LANG=en_US.UTF-8
OS=Windows_NT
PROCESSOR_IDENTIFIER=Intel64 Family 6 Model 126 Stepping 5, GenuineIntel
TMP=C:\Users\user\AppData\Local\Temp
TEMP=C:\Users\user\AppData\Local\Temp



---------------  S Y S T E M  ---------------

OS: Windows 10 , 64 bit Build 19041 (10.0.19041.2546)
OS uptime: 33 days 0:09 hours

CPU:total 4 (initial active 4) (2 cores per cpu, 2 threads per core) family 6 model 126 stepping 5 microcode 0xa0, cmov, cx8, fxsr, mmx, sse, sse2, sse3, ssse3, sse4.1, sse4.2, popcnt, avx, avx2, aes, clmul, erms, 3dnowpref, lzcnt, ht, tsc, tscinvbit, bmi1, bmi2, adx, evex, sha, fma

Memory: 4k page, system-wide physical 3836M (13M free)
TotalPageFile size 15612M (AvailPageFile size 2M)
current process WorkingSet (physical memory assigned to process): 11M, peak: 11M
current process commit charge ("private bytes"): 117M, peak: 117M

vm_info: OpenJDK 64-Bit Server VM (11.0.18+10-LTS) for windows-amd64 JRE (11.0.18+10-LTS), built on Jan 18 2023 15:56:47 by "MicrosoftCorporation" with MS VC++ 15.9 (VS2017)

END.
